SF:lib/models/waste_classification.g.dart
DA:13,0
DA:15,0
DA:16,0
DA:17,0
DA:19,0
DA:20,0
DA:21,0
DA:22,0
DA:23,0
DA:24,0
DA:25,0
DA:26,0
DA:27,0
DA:28,0
DA:29,0
DA:30,0
DA:31,0
DA:32,0
DA:33,0
DA:34,0
DA:35,0
DA:36,0
DA:37,0
DA:38,0
DA:39,0
DA:40,0
DA:41,0
DA:42,0
DA:43,0
DA:44,0
DA:45,0
DA:46,0
DA:47,0
DA:48,0
DA:49,0
DA:50,0
DA:51,0
DA:52,0
DA:53,0
DA:54,0
DA:55,0
DA:56,0
DA:57,0
DA:58,0
DA:59,0
DA:60,0
DA:61,0
DA:62,0
DA:63,0
DA:64,0
DA:65,0
DA:66,0
DA:67,0
DA:68,0
DA:69,0
DA:70,0
DA:71,0
DA:75,0
DA:78,0
DA:79,0
DA:80,0
DA:81,0
DA:82,0
DA:83,0
DA:84,0
DA:85,0
DA:86,0
DA:87,0
DA:88,0
DA:89,0
DA:90,0
DA:91,0
DA:92,0
DA:93,0
DA:94,0
DA:95,0
DA:96,0
DA:97,0
DA:98,0
DA:99,0
DA:100,0
DA:101,0
DA:102,0
DA:103,0
DA:104,0
DA:105,0
DA:106,0
DA:107,0
DA:108,0
DA:109,0
DA:110,0
DA:111,0
DA:112,0
DA:113,0
DA:114,0
DA:115,0
DA:116,0
DA:117,0
DA:118,0
DA:119,0
DA:120,0
DA:121,0
DA:122,0
DA:123,0
DA:124,0
DA:125,0
DA:126,0
DA:127,0
DA:128,0
DA:129,0
DA:130,0
DA:131,0
DA:132,0
DA:133,0
DA:134,0
DA:135,0
DA:136,0
DA:137,0
DA:138,0
DA:139,0
DA:140,0
DA:141,0
DA:142,0
DA:143,0
DA:144,0
DA:145,0
DA:146,0
DA:147,0
DA:148,0
DA:149,0
DA:150,0
DA:151,0
DA:152,0
DA:153,0
DA:154,0
DA:155,0
DA:156,0
DA:157,0
DA:158,0
DA:159,0
DA:160,0
DA:161,0
DA:162,0
DA:163,0
DA:164,0
DA:165,0
DA:166,0
DA:167,0
DA:168,0
DA:169,0
DA:170,0
DA:171,0
DA:172,0
DA:173,0
DA:174,0
DA:175,0
DA:176,0
DA:177,0
DA:178,0
DA:179,0
DA:180,0
DA:181,0
DA:182,0
DA:185,0
DA:186,0
DA:188,0
DA:191,0
DA:192,0
DA:193,0
DA:201,0
DA:203,0
DA:204,0
DA:205,0
DA:207,0
DA:208,0
DA:209,0
DA:210,0
DA:211,0
DA:215,0
DA:218,0
DA:219,0
DA:220,0
DA:221,0
DA:222,0
DA:223,0
DA:224,0
DA:225,0
DA:226,0
DA:229,0
DA:230,0
DA:232,0
DA:235,0
DA:236,0
DA:237,0
DA:244,0
DA:246,0
DA:247,0
DA:248,0
DA:250,0
DA:251,0
DA:252,0
DA:253,0
DA:254,0
DA:255,0
DA:256,0
DA:257,0
DA:258,0
DA:259,0
DA:263,0
DA:266,0
DA:267,0
DA:268,0
DA:269,0
DA:270,0
DA:271,0
DA:272,0
DA:273,0
DA:274,0
DA:275,0
DA:276,0
DA:277,0
DA:278,0
DA:279,0
DA:280,0
DA:281,0
DA:282,0
DA:283,0
DA:284,0
DA:287,0
DA:288,0
DA:290,0
DA:293,0
DA:294,0
DA:295,0
LF:234
LH:0
end_of_record
SF:lib/models/waste_classification.dart
DA:10,9
DA:63,6
DA:64,4
DA:67,3
DA:68,3
DA:69,3
DA:74,3
DA:76,3
DA:84,3
DA:88,3
DA:96,3
DA:97,3
DA:98,3
DA:104,3
DA:110,3
DA:126,3
DA:127,3
DA:128,3
DA:129,3
DA:130,3
DA:131,3
DA:132,3
DA:133,3
DA:134,3
DA:135,3
DA:136,3
DA:137,4
DA:138,1
DA:140,1
DA:143,3
DA:144,3
DA:145,3
DA:146,3
DA:147,3
DA:148,3
DA:149,0
DA:151,3
DA:152,6
DA:153,0
DA:154,3
DA:155,3
DA:156,3
DA:157,3
DA:158,3
DA:159,3
DA:160,3
DA:161,0
DA:163,3
DA:164,3
DA:165,3
DA:166,3
DA:167,3
DA:168,3
DA:169,3
DA:170,3
DA:171,3
DA:172,3
DA:173,6
DA:174,3
DA:175,3
DA:176,3
DA:177,3
DA:178,3
DA:179,3
DA:180,5
DA:181,3
DA:182,0
DA:183,3
DA:184,3
DA:185,3
DA:186,3
DA:187,0
DA:189,3
DA:190,3
DA:191,6
DA:192,0
DA:193,3
DA:194,0
DA:196,3
DA:197,3
DA:198,3
DA:199,3
DA:200,0
DA:202,3
DA:203,3
DA:342,2
DA:344,0
DA:346,0
DA:352,2
DA:353,2
DA:357,0
DA:358,0
DA:359,0
DA:360,0
DA:361,0
DA:362,0
DA:368,0
DA:370,0
DA:376,3
DA:377,3
DA:378,3
DA:379,3
DA:380,3
DA:381,3
DA:382,3
DA:383,3
DA:384,3
DA:385,3
DA:386,6
DA:387,3
DA:388,3
DA:389,3
DA:390,3
DA:391,3
DA:392,3
DA:393,3
DA:394,3
DA:395,3
DA:396,3
DA:397,3
DA:398,3
DA:399,3
DA:400,3
DA:401,3
DA:402,3
DA:403,3
DA:404,3
DA:405,3
DA:406,3
DA:407,3
DA:408,3
DA:409,3
DA:410,3
DA:411,3
DA:412,3
DA:413,3
DA:414,3
DA:415,3
DA:416,11
DA:417,3
DA:418,3
DA:419,3
DA:420,3
DA:421,3
DA:422,6
DA:423,3
DA:424,3
DA:425,3
DA:426,3
DA:427,3
DA:428,3
DA:429,3
DA:434,3
DA:488,3
DA:489,3
DA:490,2
DA:491,3
DA:492,3
DA:493,2
DA:494,3
DA:495,3
DA:496,3
DA:497,3
DA:498,3
DA:499,3
DA:500,3
DA:501,3
DA:502,3
DA:503,3
DA:504,3
DA:505,3
DA:506,3
DA:507,3
DA:508,3
DA:509,3
DA:510,3
DA:511,3
DA:512,2
DA:513,3
DA:514,3
DA:515,2
DA:516,3
DA:517,3
DA:518,3
DA:519,3
DA:520,3
DA:521,3
DA:522,3
DA:523,3
DA:524,3
DA:525,3
DA:526,3
DA:527,3
DA:528,3
DA:529,3
DA:530,3
DA:531,3
DA:532,3
DA:533,3
DA:534,3
DA:535,3
DA:536,3
DA:537,3
DA:538,3
DA:539,3
DA:540,3
DA:549,6
DA:556,1
DA:557,1
DA:558,1
DA:559,1
DA:560,2
DA:561,1
DA:573,1
DA:574,1
DA:575,1
DA:576,1
DA:577,1
DA:578,1
DA:587,11
DA:599,2
DA:600,2
DA:601,2
DA:602,4
DA:603,2
DA:604,2
DA:605,4
DA:606,4
DA:607,2
DA:608,2
DA:609,2
DA:632,2
DA:634,0
DA:637,2
DA:638,2
DA:641,0
DA:642,0
DA:645,0
DA:649,2
DA:654,1
DA:655,1
DA:658,0
DA:659,0
DA:666,0
DA:667,0
DA:668,0
DA:671,0
DA:674,0
DA:676,0
DA:677,0
DA:678,0
DA:679,0
DA:682,0
DA:684,0
DA:685,0
DA:686,0
DA:687,0
DA:690,0
DA:692,0
DA:693,0
DA:694,0
DA:695,0
DA:698,0
DA:700,0
DA:701,0
DA:702,0
DA:703,0
DA:707,0
DA:710,0
DA:713,3
DA:714,3
DA:715,3
DA:716,3
DA:717,3
DA:718,3
DA:719,3
DA:720,3
DA:721,3
DA:722,3
DA:723,3
DA:791,1
DA:793,1
DA:795,1
DA:797,1
DA:799,1
DA:801,1
DA:806,1
DA:808,1
DA:810,1
DA:812,1
DA:814,1
DA:816,1
DA:821,1
DA:823,1
DA:825,1
DA:827,1
DA:829,1
DA:831,1
DA:839,0
DA:841,0
DA:843,0
DA:845,0
DA:847,0
DA:849,0
DA:854,0
DA:861,0
DA:863,0
DA:865,0
DA:867,0
DA:869,0
DA:871,0
DA:873,0
DA:875,0
DA:877,0
DA:879,0
DA:884,0
DA:886,0
DA:888,0
DA:890,0
DA:892,0
DA:894,0
DA:896,0
DA:898,0
DA:900,0
DA:902,0
DA:910,0
DA:912,0
DA:914,0
DA:916,0
DA:918,0
DA:920,0
DA:922,0
DA:924,0
DA:926,0
DA:931,0
DA:938,0
DA:940,0
DA:942,0
DA:944,0
DA:946,0
DA:948,0
DA:953,0
DA:960,0
DA:962,0
DA:964,0
DA:966,0
DA:968,0
DA:970,0
DA:975,0
LF:349
LH:248
end_of_record
SF:lib/models/user_profile.dart
DA:31,4
DA:45,1
DA:46,1
DA:47,1
DA:48,1
DA:49,1
DA:50,1
DA:51,1
DA:52,1
DA:53,1
DA:54,6
DA:55,1
DA:58,1
DA:59,2
DA:61,1
DA:62,2
DA:64,1
DA:65,1
DA:66,0
DA:111,1
DA:123,1
DA:124,1
DA:125,1
DA:126,1
DA:127,1
DA:128,1
DA:129,1
DA:130,1
DA:131,1
DA:132,1
DA:133,1
DA:138,1
DA:139,1
DA:140,1
DA:141,1
DA:142,1
DA:143,1
DA:144,1
DA:145,4
DA:146,2
DA:147,2
DA:148,1
DA:149,1
LF:43
LH:42
end_of_record
SF:lib/models/user_profile.g.dart
DA:13,0
DA:15,0
DA:16,0
DA:17,0
DA:19,0
DA:20,0
DA:21,0
DA:22,0
DA:23,0
DA:24,0
DA:25,0
DA:26,0
DA:27,0
DA:28,0
DA:29,0
DA:33,0
DA:36,0
DA:37,0
DA:38,0
DA:39,0
DA:40,0
DA:41,0
DA:42,0
DA:43,0
DA:44,0
DA:45,0
DA:46,0
DA:47,0
DA:48,0
DA:49,0
DA:50,0
DA:51,0
DA:52,0
DA:53,0
DA:54,0
DA:55,0
DA:56,0
DA:59,0
DA:60,0
DA:62,0
DA:65,0
DA:66,0
DA:67,0
DA:74,0
DA:76,0
DA:77,0
DA:79,0
DA:81,0
DA:83,0
DA:90,0
DA:93,0
DA:94,0
DA:96,0
DA:97,0
DA:99,0
DA:100,0
DA:102,0
DA:103,0
DA:108,0
DA:109,0
DA:111,0
DA:114,0
DA:115,0
DA:116,0
LF:64
LH:0
end_of_record
SF:lib/models/gamification.g.dart
DA:13,0
DA:15,0
DA:16,0
DA:17,0
DA:19,0
DA:20,0
DA:21,0
DA:22,0
DA:23,0
DA:24,0
DA:25,0
DA:26,0
DA:27,0
DA:28,0
DA:29,0
DA:30,0
DA:31,0
DA:32,0
DA:33,0
DA:34,0
DA:35,0
DA:36,0
DA:37,0
DA:41,0
DA:44,0
DA:45,0
DA:46,0
DA:47,0
DA:48,0
DA:49,0
DA:50,0
DA:51,0
DA:52,0
DA:53,0
DA:54,0
DA:55,0
DA:56,0
DA:57,0
DA:58,0
DA:59,0
DA:60,0
DA:61,0
DA:62,0
DA:63,0
DA:64,0
DA:65,0
DA:66,0
DA:67,0
DA:68,0
DA:69,0
DA:70,0
DA:71,0
DA:72,0
DA:73,0
DA:74,0
DA:75,0
DA:76,0
DA:77,0
DA:78,0
DA:79,0
DA:80,0
DA:83,0
DA:84,0
DA:86,0
DA:89,0
DA:90,0
DA:91,0
DA:98,0
DA:100,0
DA:101,0
DA:102,0
DA:104,0
DA:105,0
DA:106,0
DA:107,0
DA:108,0
DA:109,0
DA:110,0
DA:111,0
DA:112,0
DA:113,0
DA:114,0
DA:115,0
DA:116,0
DA:120,0
DA:123,0
DA:124,0
DA:125,0
DA:126,0
DA:127,0
DA:128,0
DA:129,0
DA:130,0
DA:131,0
DA:132,0
DA:133,0
DA:134,0
DA:135,0
DA:136,0
DA:137,0
DA:138,0
DA:139,0
DA:140,0
DA:141,0
DA:142,0
DA:143,0
DA:144,0
DA:145,0
DA:146,0
DA:147,0
DA:150,0
DA:151,0
DA:153,0
DA:156,0
DA:157,0
DA:158,0
DA:165,0
DA:167,0
DA:168,0
DA:169,0
DA:171,0
DA:172,0
DA:173,0
DA:174,0
DA:175,0
DA:176,0
DA:180,0
DA:183,0
DA:184,0
DA:185,0
DA:186,0
DA:187,0
DA:188,0
DA:189,0
DA:190,0
DA:191,0
DA:192,0
DA:193,0
DA:196,0
DA:197,0
DA:199,0
DA:202,0
DA:203,0
DA:204,0
DA:211,0
DA:213,0
DA:214,0
DA:215,0
DA:217,0
DA:218,0
DA:219,0
DA:220,0
DA:221,0
DA:222,0
DA:223,0
DA:227,0
DA:230,0
DA:231,0
DA:232,0
DA:233,0
DA:234,0
DA:235,0
DA:236,0
DA:237,0
DA:238,0
DA:239,0
DA:240,0
DA:241,0
DA:242,0
DA:245,0
DA:246,0
DA:248,0
DA:251,0
DA:252,0
DA:253,0
DA:260,0
DA:262,0
DA:263,0
DA:264,0
DA:266,0
DA:267,0
DA:268,0
DA:269,0
DA:270,0
DA:271,0
DA:272,0
DA:273,0
DA:274,0
DA:275,0
DA:276,0
DA:277,0
DA:281,0
DA:284,0
DA:285,0
DA:286,0
DA:287,0
DA:288,0
DA:289,0
DA:290,0
DA:291,0
DA:292,0
DA:293,0
DA:294,0
DA:295,0
DA:296,0
DA:297,0
DA:298,0
DA:299,0
DA:300,0
DA:301,0
DA:302,0
DA:303,0
DA:304,0
DA:305,0
DA:306,0
DA:309,0
DA:310,0
DA:312,0
DA:315,0
DA:316,0
DA:317,0
DA:324,0
DA:326,0
DA:327,0
DA:328,0
DA:330,0
DA:331,0
DA:332,0
DA:333,0
DA:334,0
DA:335,0
DA:336,0
DA:340,0
DA:343,0
DA:344,0
DA:345,0
DA:346,0
DA:347,0
DA:348,0
DA:349,0
DA:350,0
DA:351,0
DA:352,0
DA:353,0
DA:354,0
DA:355,0
DA:358,0
DA:359,0
DA:361,0
DA:364,0
DA:365,0
DA:366,0
DA:373,0
DA:375,0
DA:376,0
DA:378,0
DA:380,0
DA:382,0
DA:384,0
DA:386,0
DA:388,0
DA:390,0
DA:392,0
DA:394,0
DA:396,0
DA:398,0
DA:400,0
DA:402,0
DA:404,0
DA:406,0
DA:408,0
DA:410,0
DA:412,0
DA:414,0
DA:416,0
DA:418,0
DA:425,0
DA:428,0
DA:429,0
DA:431,0
DA:432,0
DA:434,0
DA:435,0
DA:437,0
DA:438,0
DA:440,0
DA:441,0
DA:443,0
DA:444,0
DA:446,0
DA:447,0
DA:449,0
DA:450,0
DA:452,0
DA:453,0
DA:455,0
DA:456,0
DA:458,0
DA:459,0
DA:461,0
DA:462,0
DA:464,0
DA:465,0
DA:467,0
DA:468,0
DA:470,0
DA:471,0
DA:473,0
DA:474,0
DA:476,0
DA:477,0
DA:479,0
DA:480,0
DA:482,0
DA:483,0
DA:485,0
DA:486,0
DA:488,0
DA:489,0
DA:491,0
DA:492,0
DA:497,0
DA:498,0
DA:500,0
DA:503,0
DA:504,0
DA:505,0
DA:512,0
DA:514,0
DA:515,0
DA:517,0
DA:519,0
DA:521,0
DA:528,0
DA:531,0
DA:532,0
DA:534,0
DA:535,0
DA:537,0
DA:538,0
DA:540,0
DA:541,0
DA:546,0
DA:547,0
DA:549,0
DA:552,0
DA:553,0
DA:554,0
DA:561,0
DA:563,0
DA:564,0
DA:566,0
DA:568,0
DA:575,0
DA:578,0
DA:579,0
DA:581,0
DA:582,0
DA:584,0
DA:585,0
DA:590,0
DA:591,0
DA:593,0
DA:596,0
DA:597,0
DA:598,0
DA:605,0
DA:607,0
DA:608,0
DA:610,0
DA:612,0
DA:614,0
DA:621,0
DA:624,0
DA:625,0
DA:627,0
DA:628,0
DA:630,0
DA:631,0
DA:633,0
DA:634,0
DA:639,0
DA:640,0
DA:642,0
DA:645,0
DA:646,0
DA:647,0
LF:387
LH:0
end_of_record
SF:lib/models/gamification.dart
DA:12,0
DA:14,0
DA:17,0
DA:19,0
DA:101,48
DA:123,2
DA:124,2
DA:125,2
DA:126,2
DA:127,2
DA:128,2
DA:129,12
DA:130,1
DA:132,2
DA:133,2
DA:134,4
DA:135,2
DA:136,2
DA:137,4
DA:138,2
DA:139,2
DA:140,8
DA:141,0
DA:144,2
DA:145,2
DA:146,2
DA:147,2
DA:148,8
DA:149,0
DA:152,2
DA:153,4
DA:154,1
DA:155,2
DA:156,2
DA:157,4
DA:158,1
DA:159,6
DA:201,2
DA:203,4
DA:205,4
DA:208,1
DA:209,1
DA:210,1
DA:212,1
DA:214,1
DA:216,0
DA:222,1
DA:223,5
DA:227,2
DA:228,2
DA:229,2
DA:230,2
DA:231,2
DA:232,8
DA:233,2
DA:234,2
DA:235,4
DA:236,2
DA:237,2
DA:238,2
DA:239,4
DA:240,2
DA:241,2
DA:242,4
DA:243,2
DA:244,2
DA:245,2
DA:246,2
DA:251,1
DA:271,1
DA:272,1
DA:273,1
DA:274,1
DA:275,1
DA:276,1
DA:277,1
DA:278,1
DA:279,1
DA:280,1
DA:281,1
DA:282,0
DA:283,1
DA:284,1
DA:285,1
DA:286,1
DA:287,1
DA:288,1
DA:289,1
DA:296,1
DA:297,4
DA:304,1
DA:311,1
DA:312,1
DA:313,1
DA:314,1
DA:315,1
DA:316,2
DA:317,0
DA:325,1
DA:326,1
DA:327,1
DA:328,1
DA:329,2
DA:334,1
DA:339,1
DA:340,0
DA:341,0
DA:342,1
DA:351,3
DA:367,1
DA:368,1
DA:369,1
DA:370,1
DA:371,1
DA:372,2
DA:373,2
DA:374,1
DA:375,1
DA:376,2
DA:377,1
DA:378,1
DA:379,1
DA:380,1
DA:381,2
DA:382,0
DA:410,1
DA:411,3
DA:412,3
DA:414,4
DA:417,1
DA:418,1
DA:419,1
DA:420,1
DA:421,1
DA:422,2
DA:423,2
DA:424,1
DA:425,1
DA:426,2
DA:427,1
DA:428,1
DA:429,1
DA:430,1
DA:435,0
DA:449,0
DA:450,0
DA:451,0
DA:452,0
DA:453,0
DA:454,0
DA:455,0
DA:456,0
DA:457,0
DA:458,0
DA:459,0
DA:460,0
DA:461,0
DA:470,145
DA:479,1
DA:480,1
DA:481,1
DA:482,1
DA:483,1
DA:484,1
DA:485,1
DA:486,2
DA:487,0
DA:502,1
DA:503,2
DA:504,2
DA:508,1
DA:509,2
DA:510,2
DA:511,2
DA:512,2
DA:513,2
DA:518,1
DA:519,1
DA:520,1
DA:521,1
DA:522,1
DA:523,1
DA:524,1
DA:529,0
DA:536,0
DA:537,0
DA:538,0
DA:539,0
DA:540,0
DA:541,0
DA:550,1
DA:560,1
DA:561,1
DA:562,2
DA:563,1
DA:564,1
DA:565,1
DA:566,1
DA:567,1
DA:568,2
DA:569,0
DA:586,1
DA:587,1
DA:588,2
DA:589,1
DA:590,1
DA:591,1
DA:592,1
DA:593,1
DA:598,0
DA:606,0
DA:607,0
DA:608,0
DA:609,0
DA:610,0
DA:611,0
DA:612,0
DA:621,6
DA:636,1
DA:637,1
DA:638,1
DA:639,1
DA:640,2
DA:641,3
DA:642,1
DA:643,0
DA:644,2
DA:645,3
DA:647,1
DA:648,2
DA:650,1
DA:651,2
DA:652,1
DA:653,1
DA:654,0
DA:655,1
DA:656,2
DA:657,1
DA:658,1
DA:659,0
DA:660,1
DA:661,2
DA:662,1
DA:663,1
DA:664,0
DA:665,2
DA:667,1
DA:668,2
DA:671,1
DA:672,0
DA:674,2
DA:701,1
DA:702,1
DA:703,1
DA:704,5
DA:705,5
DA:706,2
DA:707,3
DA:708,3
DA:709,3
DA:710,2
DA:711,2
DA:712,1
DA:713,2
DA:718,1
DA:731,1
DA:732,1
DA:733,1
DA:734,1
DA:735,0
DA:736,1
DA:737,1
DA:738,1
DA:739,0
DA:740,1
DA:741,1
DA:742,1
DA:760,1
DA:770,1
DA:771,1
DA:772,1
DA:773,1
DA:774,1
DA:775,1
DA:776,6
DA:777,0
DA:779,2
DA:780,1
DA:791,1
DA:792,1
DA:793,1
DA:794,1
DA:795,1
DA:796,4
DA:797,2
DA:798,1
DA:806,1
DA:820,1
DA:827,1
DA:828,1
DA:833,1
DA:839,1
DA:840,1
DA:841,1
DA:842,1
DA:843,1
DA:844,1
DA:845,1
DA:846,2
DA:847,1
DA:848,1
DA:849,1
DA:850,2
DA:852,1
DA:853,1
DA:854,1
DA:855,0
DA:870,2
DA:873,1
DA:874,2
DA:875,2
DA:876,2
DA:882,1
DA:894,1
DA:895,1
DA:896,1
DA:897,1
DA:898,1
DA:899,1
DA:900,1
DA:901,1
DA:902,1
DA:903,1
DA:904,0
DA:909,1
DA:910,1
DA:911,1
DA:912,1
DA:913,1
DA:914,1
DA:915,1
DA:916,2
DA:917,1
DA:918,1
DA:919,2
DA:920,3
DA:928,0
DA:938,0
DA:939,0
DA:940,0
DA:941,0
DA:942,0
DA:943,0
DA:944,0
DA:945,0
DA:956,0
DA:957,0
DA:958,0
DA:959,0
DA:960,0
DA:961,0
DA:962,0
DA:963,0
DA:971,0
DA:983,0
DA:984,0
DA:985,0
DA:986,0
DA:987,0
DA:988,0
DA:989,0
DA:990,0
DA:991,0
DA:992,0
DA:993,0
DA:994,0
DA:1007,0
DA:1008,0
DA:1009,0
DA:1010,0
DA:1011,0
DA:1012,0
DA:1013,0
DA:1014,0
DA:1015,0
DA:1016,0
DA:1024,2
DA:1036,2
DA:1044,2
DA:1045,2
DA:1050,2
DA:1057,2
DA:1058,2
DA:1059,2
DA:1060,2
DA:1061,2
DA:1062,2
DA:1063,2
DA:1064,4
DA:1065,2
DA:1066,2
DA:1079,2
DA:1080,2
DA:1081,2
DA:1082,2
DA:1083,2
DA:1084,2
DA:1085,2
DA:1086,4
DA:1087,2
DA:1088,2
DA:1156,3
DA:1165,1
DA:1166,1
DA:1167,2
DA:1168,1
DA:1169,1
DA:1170,2
DA:1171,1
DA:1172,2
DA:1174,1
DA:1190,2
DA:1191,2
DA:1192,1
DA:1193,1
DA:1194,2
DA:1195,2
DA:1196,1
DA:1199,0
DA:1207,0
DA:1208,0
DA:1209,0
DA:1210,0
DA:1211,0
DA:1212,0
DA:1213,0
LF:436
LH:335
end_of_record
SF:lib/services/gamification_service.dart
DA:16,0
DA:17,0
DA:29,0
DA:31,0
DA:33,0
DA:36,0
DA:59,0
DA:61,0
DA:64,0
DA:65,0
DA:66,0
DA:68,0
DA:71,0
DA:72,0
DA:75,0
DA:76,0
DA:78,0
DA:79,0
DA:81,0
DA:82,0
DA:83,0
DA:84,0
DA:87,0
DA:88,0
DA:90,0
DA:93,0
DA:96,0
DA:98,0
DA:99,0
DA:106,0
DA:108,0
DA:111,0
DA:114,0
DA:116,0
DA:117,0
DA:118,0
DA:122,0
DA:123,0
DA:124,0
DA:128,0
DA:129,0
DA:130,0
DA:133,0
DA:134,0
DA:136,0
DA:137,0
DA:140,0
DA:141,0
DA:144,0
DA:145,0
DA:146,0
DA:147,0
DA:149,0
DA:153,0
DA:154,0
DA:155,0
DA:156,0
DA:157,0
DA:161,0
DA:165,0
DA:169,0
DA:170,0
DA:173,0
DA:174,0
DA:175,0
DA:176,0
DA:177,0
DA:180,0
DA:183,0
DA:185,0
DA:186,0
DA:188,0
DA:189,0
DA:193,0
DA:194,0
DA:195,0
DA:196,0
DA:198,0
DA:202,0
DA:210,0
DA:211,0
DA:212,0
DA:214,0
DA:218,0
DA:219,0
DA:220,0
DA:223,0
DA:224,0
DA:227,0
DA:228,0
DA:229,0
DA:230,0
DA:231,0
DA:233,0
DA:237,0
DA:241,0
DA:242,0
DA:246,0
DA:248,0
DA:249,0
DA:250,0
DA:252,0
DA:254,0
DA:256,0
DA:257,0
DA:258,0
DA:259,0
DA:260,0
DA:263,0
DA:264,0
DA:265,0
DA:266,0
DA:269,0
DA:272,0
DA:273,0
DA:275,0
DA:279,0
DA:280,0
DA:284,0
DA:286,0
DA:287,0
DA:290,0
DA:292,0
DA:296,0
DA:297,0
DA:299,0
DA:300,0
DA:302,0
DA:303,0
DA:304,0
DA:305,0
DA:306,0
DA:311,0
DA:312,0
DA:313,0
DA:316,0
DA:318,0
DA:322,0
DA:323,0
DA:324,0
DA:326,0
DA:327,0
DA:328,0
DA:329,0
DA:331,0
DA:332,0
DA:339,0
DA:340,0
DA:341,0
DA:342,0
DA:343,0
DA:344,0
DA:346,0
DA:347,0
DA:348,0
DA:349,0
DA:353,0
DA:355,0
DA:356,0
DA:359,0
DA:360,0
DA:364,0
DA:371,0
DA:372,0
DA:374,0
DA:377,0
DA:384,0
DA:387,0
DA:388,0
DA:389,0
DA:391,0
DA:392,0
DA:393,0
DA:394,0
DA:395,0
DA:397,0
DA:400,0
DA:402,0
DA:405,0
DA:407,0
DA:409,0
DA:410,0
DA:411,0
DA:412,0
DA:415,0
DA:417,0
DA:419,0
DA:424,0
DA:428,0
DA:429,0
DA:430,0
DA:431,0
DA:436,0
DA:438,0
DA:440,0
DA:447,0
DA:448,0
DA:450,0
DA:452,0
DA:455,0
DA:456,0
DA:457,0
DA:461,0
DA:462,0
DA:463,0
DA:465,0
DA:466,0
DA:469,0
DA:474,0
DA:475,0
DA:476,0
DA:480,0
DA:481,0
DA:482,0
DA:483,0
DA:487,0
DA:493,0
DA:498,0
DA:499,0
DA:502,0
DA:505,0
DA:509,0
DA:511,0
DA:516,0
DA:517,0
DA:519,0
DA:523,0
DA:524,0
DA:525,0
DA:527,0
DA:528,0
DA:529,0
DA:533,0
DA:534,0
DA:535,0
DA:536,0
DA:538,0
DA:539,0
DA:540,0
DA:543,0
DA:552,0
DA:555,0
DA:557,0
DA:563,0
DA:566,0
DA:567,0
DA:569,0
DA:570,0
DA:571,0
DA:572,0
DA:573,0
DA:576,0
DA:582,0
DA:584,0
DA:586,0
DA:587,0
DA:589,0
DA:590,0
DA:593,0
DA:594,0
DA:595,0
DA:597,0
DA:598,0
DA:600,0
DA:604,0
DA:605,0
DA:606,0
DA:607,0
DA:609,0
DA:610,0
DA:612,0
DA:613,0
DA:616,0
DA:618,0
DA:622,0
DA:623,0
DA:624,0
DA:626,0
DA:628,0
DA:629,0
DA:630,0
DA:631,0
DA:633,0
DA:635,0
DA:636,0
DA:639,0
DA:641,0
DA:645,0
DA:646,0
DA:647,0
DA:649,0
DA:654,0
DA:656,0
DA:658,0
DA:659,0
DA:662,0
DA:663,0
DA:670,0
DA:671,0
DA:672,0
DA:673,0
DA:676,0
DA:677,0
DA:680,0
DA:683,0
DA:684,0
DA:686,0
DA:687,0
DA:690,0
DA:692,0
DA:693,0
DA:698,0
DA:702,0
DA:706,0
DA:707,0
DA:708,0
DA:710,0
DA:711,0
DA:714,0
DA:721,0
DA:723,0
DA:726,0
DA:729,0
DA:730,0
DA:731,0
DA:736,0
DA:740,0
DA:741,0
DA:742,0
DA:745,0
DA:746,0
DA:749,0
DA:754,0
DA:756,0
DA:757,0
DA:760,0
DA:761,0
DA:762,0
DA:763,0
DA:767,0
DA:770,0
DA:771,0
DA:772,0
DA:773,0
DA:774,0
DA:775,0
DA:776,0
DA:777,0
DA:778,0
DA:781,0
DA:786,0
DA:790,0
DA:796,0
DA:798,0
DA:803,0
DA:807,0
DA:808,0
DA:809,0
DA:811,0
DA:812,0
DA:815,0
DA:822,0
DA:826,0
DA:827,0
DA:834,0
DA:840,0
DA:842,0
DA:845,0
DA:846,0
DA:848,0
DA:850,0
DA:853,0
DA:854,0
DA:855,0
DA:856,0
DA:860,0
DA:861,0
DA:868,0
DA:869,0
DA:872,0
DA:873,0
DA:874,0
DA:877,0
DA:878,0
DA:879,0
DA:882,0
DA:889,0
DA:890,0
DA:891,0
DA:892,0
DA:893,0
DA:895,0
DA:896,0
DA:898,0
DA:900,0
DA:903,0
DA:906,0
DA:907,0
DA:909,0
DA:910,0
DA:911,0
DA:912,0
DA:914,0
DA:915,0
DA:917,0
DA:918,0
DA:919,0
DA:920,0
DA:922,0
DA:924,0
DA:925,0
DA:926,0
DA:927,0
DA:934,0
DA:937,0
DA:939,0
DA:946,0
DA:947,0
DA:948,0
DA:951,0
DA:954,0
DA:961,0
DA:964,0
DA:965,0
DA:976,0
DA:977,0
DA:978,0
DA:981,0
DA:984,0
DA:986,0
DA:987,0
DA:991,0
DA:992,0
DA:993,0
DA:996,0
DA:997,0
DA:1000,0
DA:1004,0
DA:1005,0
DA:1008,0
DA:1009,0
DA:1011,0
DA:1012,0
DA:1016,0
DA:1017,0
DA:1018,0
DA:1019,0
DA:1022,0
DA:1023,0
DA:1025,0
DA:1027,0
DA:1028,0
DA:1032,0
DA:1033,0
DA:1034,0
DA:1037,0
DA:1041,0
DA:1043,0
DA:1048,0
DA:1049,0
DA:1051,0
DA:1055,0
DA:1056,0
DA:1060,0
DA:1062,0
DA:1068,0
DA:1072,0
DA:1073,0
DA:1074,0
DA:1077,0
DA:1080,0
DA:1081,0
DA:1082,0
DA:1085,0
DA:1086,0
DA:1088,0
DA:1092,0
DA:1093,0
DA:1094,0
DA:1095,0
DA:1097,0
DA:1098,0
DA:1099,0
DA:1100,0
DA:1101,0
DA:1104,0
DA:1111,0
DA:1112,0
DA:1454,0
DA:1455,0
DA:1456,0
DA:1461,0
DA:1462,0
DA:1467,0
DA:1472,0
DA:1473,0
DA:1478,0
DA:1483,0
DA:1484,0
DA:1489,0
DA:1494,0
DA:1495,0
DA:1500,0
DA:1505,0
DA:1506,0
DA:1511,0
DA:1516,0
DA:1517,0
DA:1522,0
DA:1527,0
DA:1528,0
DA:1533,0
DA:1538,0
DA:1539,0
DA:1544,0
DA:1549,0
DA:1550,0
DA:1555,0
DA:1560,0
DA:1561,0
DA:1566,0
DA:1571,0
DA:1572,0
DA:1577,0
DA:1582,0
DA:1583,0
DA:1592,0
DA:1594,0
DA:1597,0
DA:1599,0
DA:1602,0
DA:1603,0
DA:1608,0
DA:1611,0
DA:1613,0
DA:1614,0
DA:1616,0
DA:1620,0
DA:1625,0
DA:1628,0
DA:1630,0
DA:1632,0
DA:1638,0
DA:1640,0
DA:1642,0
DA:1643,0
DA:1644,0
DA:1646,0
DA:1650,0
DA:1651,0
DA:1652,0
DA:1654,0
DA:1656,0
DA:1658,0
DA:1664,0
DA:1666,0
DA:1667,0
DA:1668,0
DA:1671,0
DA:1672,0
DA:1674,0
DA:1675,0
DA:1677,0
DA:1683,0
DA:1684,0
DA:1685,0
DA:1690,0
DA:1692,0
DA:1693,0
DA:1695,0
DA:1696,0
DA:1698,0
DA:1699,0
DA:1701,0
DA:1706,0
DA:1707,0
DA:1708,0
DA:1709,0
DA:1714,0
DA:1715,0
DA:1720,0
DA:1722,0
DA:1723,0
DA:1725,0
DA:1726,0
DA:1729,0
DA:1733,0
DA:1734,0
DA:1736,0
DA:1737,0
DA:1740,0
DA:1745,0
DA:1747,0
DA:1750,0
DA:1752,0
DA:1753,0
DA:1754,0
DA:1759,0
DA:1760,0
DA:1761,0
DA:1762,0
DA:1765,0
DA:1769,0
DA:1770,0
DA:1773,0
DA:1774,0
DA:1779,0
DA:1781,0
DA:1784,0
DA:1785,0
DA:1788,0
DA:1789,0
DA:1792,0
DA:1793,0
DA:1796,0
DA:1797,0
DA:1798,0
DA:1801,0
DA:1802,0
DA:1803,0
DA:1806,0
DA:1807,0
DA:1809,0
DA:1812,0
DA:1818,0
DA:1820,0
DA:1823,0
DA:1826,0
DA:1829,0
DA:1832,0
DA:1833,0
DA:1834,0
DA:1835,0
DA:1839,0
DA:1842,0
DA:1843,0
DA:1844,0
DA:1845,0
DA:1846,0
DA:1847,0
DA:1851,0
DA:1854,0
DA:1860,0
DA:1862,0
DA:1865,0
DA:1866,0
DA:1867,0
DA:1872,0
DA:1874,0
DA:1876,0
DA:1877,0
DA:1878,0
DA:1880,0
DA:1884,0
DA:1886,0
DA:1887,0
DA:1888,0
DA:1891,0
DA:1892,0
DA:1893,0
DA:1894,0
DA:1895,0
DA:1896,0
DA:1901,0
DA:1905,0
DA:1906,0
DA:1907,0
DA:1908,0
DA:1909,0
DA:1911,0
DA:1914,0
DA:1916,0
DA:1917,0
DA:1922,0
DA:1926,0
DA:1929,0
DA:1930,0
DA:1932,0
DA:1934,0
DA:1935,0
DA:1936,0
DA:1939,0
DA:1940,0
DA:1945,0
DA:1946,0
DA:1947,0
DA:1948,0
LF:687
LH:0
end_of_record
SF:lib/services/storage_service.dart
DA:23,0
DA:24,0
DA:30,1
DA:33,0
DA:37,1
DA:38,3
DA:41,0
DA:46,2
DA:47,3
DA:49,2
DA:50,3
DA:52,2
DA:53,3
DA:55,2
DA:56,3
DA:58,2
DA:59,3
DA:63,2
DA:64,3
DA:66,2
DA:67,3
DA:69,2
DA:70,3
DA:72,2
DA:73,3
DA:75,2
DA:76,3
DA:78,2
DA:79,3
DA:81,2
DA:82,3
DA:84,2
DA:85,3
DA:87,2
DA:88,3
DA:90,2
DA:91,3
DA:93,2
DA:94,3
DA:98,2
DA:99,2
DA:100,2
DA:101,2
DA:102,2
DA:103,2
DA:104,2
DA:107,2
DA:110,2
DA:114,0
DA:115,0
DA:117,0
DA:120,0
DA:121,0
DA:122,0
DA:127,0
DA:130,0
DA:133,0
DA:135,0
DA:138,0
DA:141,0
DA:143,0
DA:151,0
DA:152,0
DA:154,0
DA:159,0
DA:160,0
DA:161,0
DA:165,0
DA:166,0
DA:168,0
DA:169,0
DA:172,0
DA:173,0
DA:174,0
DA:179,0
DA:180,0
DA:185,0
DA:188,0
DA:189,0
DA:192,0
DA:193,0
DA:196,0
DA:199,0
DA:202,0
DA:204,0
DA:205,0
DA:206,0
DA:210,0
DA:215,0
DA:216,0
DA:217,0
DA:220,0
DA:221,0
DA:224,0
DA:227,0
DA:228,0
DA:229,0
DA:230,0
DA:231,0
DA:235,0
DA:239,0
DA:240,0
DA:244,0
DA:245,0
DA:247,0
DA:248,0
DA:251,0
DA:252,0
DA:255,0
DA:256,0
DA:269,0
DA:270,0
DA:272,0
DA:274,0
DA:281,0
DA:284,0
DA:286,0
DA:287,0
DA:290,0
DA:291,0
DA:292,0
DA:294,0
DA:295,0
DA:297,0
DA:299,0
DA:300,0
DA:301,0
DA:305,0
DA:308,0
DA:309,0
DA:310,0
DA:311,0
DA:313,0
DA:317,0
DA:318,0
DA:320,0
DA:321,0
DA:327,0
DA:329,0
DA:330,0
DA:331,0
DA:332,0
DA:335,0
DA:339,0
DA:340,0
DA:342,0
DA:345,0
DA:346,0
DA:350,0
DA:351,0
DA:353,0
DA:359,0
DA:360,0
DA:361,0
DA:362,0
DA:363,0
DA:364,0
DA:365,0
DA:368,0
DA:369,0
DA:373,0
DA:377,0
DA:382,0
DA:387,0
DA:390,0
DA:391,0
DA:392,0
DA:393,0
DA:394,0
DA:395,0
DA:396,0
DA:397,0
DA:398,0
DA:399,0
DA:403,0
DA:404,0
DA:406,0
DA:407,0
DA:408,0
DA:412,0
DA:413,0
DA:414,0
DA:416,0
DA:417,0
DA:418,0
DA:422,0
DA:423,0
DA:424,0
DA:426,0
DA:427,0
DA:428,0
DA:432,0
DA:433,0
DA:434,0
DA:438,0
DA:439,0
DA:440,0
DA:444,0
DA:445,0
DA:446,0
DA:450,0
DA:451,0
DA:452,0
DA:453,0
DA:454,0
DA:457,0
DA:458,0
DA:459,0
DA:460,0
DA:461,0
DA:463,0
DA:464,0
DA:465,0
DA:468,0
DA:469,0
DA:470,0
DA:471,0
DA:472,0
DA:476,0
DA:477,0
DA:478,0
DA:479,0
DA:483,0
DA:484,0
DA:485,0
DA:486,0
DA:488,0
DA:491,0
DA:492,0
DA:494,0
DA:496,0
DA:499,0
DA:500,0
DA:502,0
DA:504,0
DA:513,0
DA:518,0
DA:521,0
DA:522,0
DA:525,0
DA:526,0
DA:529,0
DA:530,0
DA:533,0
DA:537,0
DA:538,0
DA:539,0
DA:543,0
DA:544,0
DA:547,0
DA:550,0
DA:564,0
DA:565,0
DA:566,0
DA:567,0
DA:568,0
DA:569,0
DA:570,0
DA:571,0
DA:572,0
DA:573,0
DA:574,0
DA:575,0
DA:580,0
DA:584,0
DA:585,0
DA:588,0
DA:589,0
DA:590,0
DA:593,0
DA:594,0
DA:595,0
DA:599,0
DA:610,0
DA:613,0
DA:614,0
DA:616,0
DA:621,0
DA:624,0
DA:627,0
DA:630,0
DA:633,0
DA:636,0
DA:640,0
DA:641,0
DA:644,0
DA:645,0
DA:649,0
DA:652,0
DA:653,0
DA:657,0
DA:658,0
DA:659,0
DA:660,0
DA:664,0
DA:665,0
DA:666,0
DA:667,0
DA:668,0
DA:674,0
DA:676,0
DA:679,0
DA:691,0
DA:694,0
DA:696,0
DA:698,0
DA:717,0
DA:718,0
DA:719,0
DA:722,0
DA:723,0
DA:730,0
DA:734,0
DA:735,0
DA:736,0
DA:740,0
DA:741,0
DA:742,0
DA:744,0
DA:745,0
DA:746,0
DA:747,0
DA:752,0
DA:756,0
DA:758,0
DA:761,0
DA:762,0
DA:764,0
DA:765,0
DA:768,0
DA:769,0
DA:770,0
DA:773,0
DA:774,0
DA:775,0
DA:776,0
DA:777,0
DA:778,0
DA:779,0
DA:780,0
DA:781,0
DA:783,0
DA:788,0
DA:789,0
DA:790,0
DA:791,0
DA:792,0
DA:797,0
DA:798,0
DA:799,0
DA:801,0
DA:803,0
DA:805,0
DA:806,0
DA:807,0
DA:811,0
DA:815,0
DA:817,0
DA:818,0
DA:819,0
DA:821,0
DA:827,0
DA:830,0
DA:831,0
DA:832,0
DA:833,0
DA:838,0
DA:839,0
DA:840,0
DA:842,0
DA:843,0
DA:847,0
DA:848,0
DA:850,0
DA:851,0
DA:853,0
DA:857,0
DA:859,0
DA:865,0
DA:867,0
DA:868,0
DA:869,0
DA:870,0
DA:872,0
DA:877,0
DA:879,0
DA:880,0
DA:882,0
DA:883,0
DA:885,0
DA:887,0
DA:888,0
DA:893,0
DA:894,0
DA:895,0
DA:898,0
DA:903,0
DA:904,0
DA:906,0
DA:910,0
DA:911,0
DA:912,0
DA:913,0
DA:915,0
DA:916,0
DA:921,0
DA:922,0
DA:924,0
DA:928,0
DA:931,0
DA:936,0
DA:937,0
DA:939,0
DA:943,0
DA:944,0
DA:945,0
DA:946,0
DA:948,0
DA:949,0
DA:954,0
DA:955,0
DA:956,0
DA:957,0
DA:959,0
DA:963,0
DA:965,0
DA:969,0
DA:970,0
DA:971,0
DA:973,0
DA:980,0
DA:982,0
DA:986,0
DA:987,0
DA:988,0
DA:989,0
DA:991,0
DA:992,0
DA:997,0
DA:1000,0
DA:1001,0
DA:1002,0
DA:1005,0
DA:1006,0
DA:1007,0
DA:1009,0
DA:1012,0
DA:1017,0
DA:1022,0
DA:1026,0
DA:1028,0
DA:1032,0
DA:1036,0
DA:1037,0
DA:1038,0
DA:1039,0
DA:1041,0
DA:1044,0
DA:1045,0
DA:1046,0
DA:1049,0
DA:1051,0
DA:1055,0
DA:1056,0
DA:1057,0
DA:1058,0
DA:1060,0
DA:1061,0
DA:1066,0
DA:1069,0
DA:1072,0
DA:1074,0
DA:1076,0
DA:1077,0
DA:1078,0
DA:1081,0
DA:1084,0
DA:1086,0
DA:1091,0
DA:1092,0
DA:1095,0
DA:1102,0
DA:1103,0
DA:1104,0
DA:1107,0
DA:1108,0
DA:1109,0
DA:1110,0
DA:1111,0
DA:1115,0
DA:1116,0
DA:1117,0
DA:1119,0
DA:1120,0
DA:1124,0
DA:1133,0
DA:1135,0
DA:1138,0
DA:1141,0
DA:1144,0
DA:1146,0
DA:1148,0
DA:1153,0
DA:1155,0
DA:1157,0
DA:1160,0
DA:1161,0
DA:1164,0
DA:1169,0
DA:1170,0
DA:1172,0
DA:1176,0
DA:1183,0
DA:1184,0
DA:1185,0
DA:1186,0
DA:1188,0
DA:1190,0
DA:1194,0
DA:1199,0
DA:1202,0
DA:1203,0
DA:1204,0
DA:1207,0
DA:1208,0
DA:1209,0
DA:1213,0
DA:1214,0
DA:1215,0
DA:1216,0
DA:1221,0
LF:531
LH:44
end_of_record
SF:lib/services/cloud_storage_service.dart
DA:15,2
DA:22,0
DA:25,0
DA:26,0
DA:27,0
DA:32,0
DA:33,0
DA:34,0
DA:35,0
DA:36,0
DA:37,0
DA:40,0
DA:41,0
DA:44,0
DA:50,0
DA:51,0
DA:53,0
DA:54,0
DA:55,0
DA:56,0
DA:60,0
DA:61,0
DA:67,0
DA:68,0
DA:69,0
DA:71,0
DA:79,0
DA:85,0
DA:89,0
DA:98,0
DA:101,0
DA:105,0
DA:106,0
DA:108,0
DA:112,0
DA:115,0
DA:122,0
DA:124,0
DA:125,0
DA:126,0
DA:130,0
DA:133,0
DA:136,0
DA:137,0
DA:141,0
DA:142,0
DA:143,0
DA:144,0
DA:145,0
DA:146,0
DA:147,0
DA:148,0
DA:151,0
DA:154,0
DA:157,0
DA:163,0
DA:165,0
DA:166,0
DA:167,0
DA:171,0
DA:172,0
DA:176,0
DA:179,0
DA:182,0
DA:184,0
DA:185,0
DA:187,0
DA:188,0
DA:189,0
DA:190,0
DA:191,0
DA:193,0
DA:194,0
DA:195,0
DA:198,0
DA:199,0
DA:202,0
DA:203,0
DA:204,0
DA:206,0
DA:209,0
DA:214,0
DA:215,0
DA:216,0
DA:219,0
DA:223,0
DA:229,0
DA:231,0
DA:232,0
DA:233,0
DA:237,0
DA:240,0
DA:243,0
DA:244,0
DA:249,0
DA:250,0
DA:251,0
DA:252,0
DA:253,0
DA:254,0
DA:255,0
DA:256,0
DA:257,0
DA:258,0
DA:260,0
DA:263,0
DA:267,0
DA:269,0
DA:274,0
DA:280,0
DA:282,0
DA:283,0
DA:288,0
DA:289,0
DA:290,0
DA:291,0
DA:292,0
DA:293,0
DA:294,0
DA:295,0
DA:296,0
DA:297,0
DA:298,0
DA:299,0
DA:301,0
DA:308,0
DA:309,0
DA:310,0
DA:311,0
DA:312,0
DA:314,0
DA:317,0
DA:320,0
DA:326,0
DA:328,0
DA:330,0
DA:331,0
DA:332,0
DA:333,0
DA:334,0
DA:335,0
DA:337,0
DA:339,0
DA:341,0
DA:346,0
DA:348,0
DA:349,0
DA:350,0
DA:355,0
DA:358,0
DA:362,0
DA:363,0
DA:367,0
DA:368,0
DA:373,0
DA:376,0
DA:383,0
DA:387,0
DA:390,0
DA:395,0
DA:396,0
DA:397,0
DA:401,0
DA:404,0
DA:405,0
DA:406,0
DA:407,0
DA:408,0
DA:409,0
DA:411,0
DA:412,0
DA:414,0
DA:415,0
DA:417,0
DA:421,0
DA:422,0
DA:423,0
DA:425,0
DA:428,0
DA:431,0
DA:436,0
DA:438,0
DA:440,0
DA:446,0
DA:452,0
DA:456,0
DA:459,0
DA:461,0
DA:465,0
DA:467,0
DA:471,0
DA:472,0
DA:474,0
DA:479,0
DA:485,0
DA:487,0
DA:488,0
DA:489,0
DA:491,0
DA:492,0
DA:494,0
DA:495,0
DA:498,0
DA:500,0
DA:502,0
DA:508,0
DA:510,0
DA:511,0
DA:512,0
DA:517,0
DA:519,0
DA:520,0
DA:524,0
DA:526,0
DA:528,0
DA:530,0
DA:531,0
DA:532,0
DA:533,0
DA:534,0
DA:535,0
DA:537,0
DA:538,0
DA:539,0
DA:540,0
DA:541,0
DA:543,0
DA:544,0
DA:546,0
DA:547,0
DA:548,0
DA:553,0
DA:555,0
DA:559,0
DA:560,0
DA:564,0
DA:565,0
DA:568,0
DA:569,0
DA:571,0
DA:573,0
DA:575,0
DA:582,0
DA:589,0
DA:591,0
DA:592,0
DA:593,0
DA:597,0
DA:600,0
DA:601,0
DA:602,0
DA:603,0
DA:604,0
DA:605,0
DA:607,0
DA:608,0
DA:610,0
DA:612,0
DA:616,0
DA:617,0
DA:618,0
DA:620,0
DA:627,0
DA:633,0
DA:635,0
DA:636,0
DA:637,0
DA:641,0
DA:644,0
DA:645,0
DA:646,0
DA:647,0
DA:648,0
DA:650,0
DA:651,0
DA:652,0
DA:655,0
DA:657,0
DA:659,0
DA:664,0
DA:666,0
DA:667,0
DA:668,0
DA:669,0
DA:671,0
LF:285
LH:1
end_of_record
SF:lib/models/classification_feedback.dart
DA:14,0
DA:16,0
DA:22,0
DA:41,0
DA:43,0
DA:45,0
DA:47,0
DA:49,0
DA:50,0
DA:51,0
DA:52,0
DA:53,0
DA:54,0
DA:55,0
DA:56,0
DA:57,0
DA:58,0
DA:59,0
DA:60,0
DA:61,0
DA:62,0
DA:63,0
DA:64,0
DA:65,0
DA:88,0
DA:89,0
DA:90,0
DA:91,0
DA:92,0
DA:93,0
DA:94,0
DA:95,0
DA:96,0
DA:97,0
DA:98,0
DA:99,0
DA:100,0
DA:101,0
DA:102,0
DA:103,0
DA:104,0
DA:105,0
DA:106,0
LF:43
LH:0
end_of_record
SF:lib/models/community_feed.dart
DA:7,0
DA:23,0
DA:24,0
DA:25,0
DA:26,0
DA:27,0
DA:28,0
DA:29,0
DA:30,0
DA:31,0
DA:33,0
DA:34,0
DA:35,0
DA:36,0
DA:37,0
DA:38,0
DA:39,0
DA:40,0
DA:57,0
DA:58,0
DA:59,0
DA:60,0
DA:61,0
DA:62,0
DA:63,0
DA:64,0
DA:65,0
DA:66,0
DA:67,0
DA:68,0
DA:69,0
DA:70,0
DA:71,0
DA:75,0
DA:90,0
DA:91,0
DA:92,0
DA:93,0
DA:94,0
DA:95,0
DA:96,0
DA:97,0
DA:98,0
DA:99,0
DA:100,0
DA:101,0
DA:102,0
DA:103,0
DA:108,0
DA:109,0
DA:112,0
DA:116,0
DA:117,0
DA:118,0
DA:120,0
DA:122,0
DA:123,0
DA:124,0
DA:125,0
DA:126,0
DA:127,0
DA:129,0
DA:134,0
DA:135,0
DA:136,0
DA:138,0
DA:140,0
DA:142,0
DA:144,0
DA:146,0
DA:152,0
DA:153,0
DA:154,0
DA:156,0
DA:158,0
DA:160,0
DA:162,0
DA:164,0
DA:182,43
DA:190,0
DA:191,0
DA:192,0
DA:193,0
DA:194,0
DA:195,0
DA:196,0
DA:198,0
DA:199,0
DA:210,0
DA:211,0
DA:212,0
DA:213,0
DA:214,0
DA:215,0
DA:216,0
DA:221,0
DA:222,0
DA:223,0
DA:224,0
DA:228,0
DA:231,0
DA:232,0
DA:233,0
DA:234,0
DA:235,0
LF:105
LH:1
end_of_record
SF:lib/models/educational_content.dart
DA:24,2
DA:45,2
DA:57,2
DA:67,2
DA:75,2
DA:87,2
DA:97,2
DA:105,2
DA:118,2
DA:129,2
DA:137,2
DA:149,2
DA:159,2
DA:167,2
DA:179,2
DA:189,2
DA:197,2
DA:208,2
DA:218,2
DA:249,1
DA:250,1
DA:251,1
DA:253,1
DA:255,1
DA:257,1
DA:259,1
DA:261,1
DA:267,1
DA:268,1
DA:269,1
DA:271,1
DA:273,1
DA:279,1
DA:280,2
DA:282,2
DA:284,2
DA:285,2
DA:287,2
DA:288,2
DA:289,1
DA:290,2
DA:292,2
DA:301,28
DA:316,28
DA:329,2
LF:45
LH:45
end_of_record
SF:lib/models/filter_options.dart
DA:5,2
DA:20,2
DA:21,2
DA:57,1
DA:70,1
DA:71,1
DA:72,1
DA:73,1
DA:74,1
DA:75,1
DA:76,1
DA:77,1
DA:78,1
DA:79,1
DA:80,1
DA:81,1
DA:86,1
DA:87,1
DA:88,3
DA:89,3
DA:90,3
DA:91,1
DA:92,1
DA:93,1
DA:94,1
DA:95,1
DA:99,2
DA:102,1
DA:104,1
DA:106,3
DA:107,3
DA:110,3
DA:111,4
DA:114,3
DA:115,4
DA:118,3
DA:119,4
DA:122,1
DA:123,3
DA:126,1
DA:127,3
DA:130,1
DA:131,3
DA:134,2
DA:135,6
DA:136,1
DA:137,4
DA:138,1
DA:139,4
DA:142,1
DA:146,1
DA:150,1
DA:151,4
DA:164,1
DA:166,1
DA:168,1
DA:170,1
LF:57
LH:57
end_of_record
SF:lib/services/classification_migration_service.dart
DA:12,0
DA:18,0
DA:20,0
DA:22,0
DA:23,0
DA:24,0
DA:25,0
DA:37,0
DA:38,0
DA:44,0
DA:46,0
DA:47,0
DA:51,0
DA:54,0
DA:55,0
DA:56,0
DA:61,0
DA:67,0
DA:71,0
DA:74,0
DA:76,0
DA:77,0
DA:79,0
DA:80,0
DA:83,0
DA:84,0
DA:90,0
DA:91,0
DA:93,0
DA:94,0
DA:95,0
DA:99,0
DA:109,0
DA:110,0
DA:111,0
DA:112,0
DA:113,0
DA:114,0
DA:118,0
DA:119,0
DA:126,0
DA:132,0
DA:134,0
DA:137,0
DA:140,0
DA:143,0
DA:150,0
DA:155,0
DA:157,0
DA:158,0
DA:159,0
DA:161,0
DA:162,0
DA:163,0
DA:164,0
DA:165,0
DA:166,0
DA:172,0
DA:179,0
DA:183,0
DA:186,0
DA:187,0
DA:188,0
DA:190,0
DA:191,0
DA:192,0
DA:193,0
DA:194,0
DA:196,0
DA:197,0
DA:198,0
DA:204,0
DA:211,0
DA:215,0
DA:216,0
DA:218,0
DA:219,0
DA:220,0
DA:222,0
DA:223,0
DA:224,0
DA:225,0
DA:226,0
DA:227,0
DA:233,0
DA:240,0
DA:241,0
DA:245,0
DA:246,0
DA:247,0
DA:248,0
DA:251,0
DA:252,0
DA:254,0
DA:261,0
DA:265,0
DA:266,0
DA:276,0
DA:293,0
DA:295,0
LF:100
LH:0
end_of_record
SF:lib/services/community_service.dart
DA:17,0
DA:20,0
DA:24,0
DA:26,0
DA:27,0
DA:28,0
DA:30,0
DA:35,0
DA:37,0
DA:38,0
DA:39,0
DA:40,0
DA:41,0
DA:43,0
DA:44,0
DA:45,0
DA:47,0
DA:48,0
DA:53,0
DA:55,0
DA:56,0
DA:57,0
DA:62,0
DA:68,0
DA:69,0
DA:71,0
DA:72,0
DA:74,0
DA:75,0
DA:76,0
DA:77,0
DA:78,0
DA:79,0
DA:81,0
DA:85,0
DA:86,0
DA:88,0
DA:89,0
DA:90,0
DA:91,0
DA:92,0
DA:99,0
DA:100,0
DA:101,0
DA:102,0
DA:103,0
DA:106,0
DA:107,0
DA:108,0
DA:109,0
DA:111,0
DA:115,0
DA:116,0
DA:117,0
DA:118,0
DA:119,0
DA:122,0
DA:123,0
DA:124,0
DA:125,0
DA:127,0
DA:131,0
DA:132,0
DA:133,0
DA:134,0
DA:135,0
DA:138,0
DA:139,0
DA:141,0
DA:143,0
DA:147,0
DA:153,0
LF:72
LH:0
end_of_record
SF:lib/utils/constants.dart
DA:72,3
DA:73,3
DA:76,3
DA:77,3
DA:78,3
DA:80,3
DA:81,3
DA:87,3
DA:88,3
DA:93,3
DA:94,3
DA:96,3
DA:97,3
DA:105,3
DA:106,6
DA:107,2
DA:108,6
DA:114,3
DA:115,6
DA:118,2
DA:119,1
DA:122,0
DA:123,0
DA:126,0
DA:127,0
DA:228,2
DA:229,2
DA:230,4
DA:231,2
DA:232,2
DA:240,2
DA:241,2
DA:250,1
DA:251,1
DA:252,1
DA:260,1
DA:261,1
DA:268,1
DA:269,1
DA:386,2
DA:388,2
DA:389,2
DA:390,2
DA:391,2
DA:392,2
DA:393,2
DA:394,2
DA:395,2
DA:396,2
DA:397,2
DA:398,2
DA:399,2
DA:400,2
DA:401,2
DA:402,2
DA:403,2
DA:404,2
DA:405,2
DA:406,2
DA:407,2
DA:408,2
DA:409,2
DA:410,2
DA:411,2
DA:412,2
DA:413,2
DA:414,2
DA:415,2
DA:589,0
DA:590,0
DA:592,0
DA:593,0
DA:595,0
DA:596,0
DA:598,0
DA:599,0
DA:600,0
DA:605,0
DA:606,0
DA:610,0
DA:614,0
DA:618,0
DA:622,0
DA:627,0
DA:629,0
DA:630,0
DA:632,0
DA:633,0
DA:635,0
DA:636,0
DA:637,0
DA:640,0
DA:641,0
DA:642,0
DA:645,0
DA:649,0
DA:650,0
DA:655,0
DA:661,0
LF:99
LH:64
end_of_record
SF:lib/services/points_engine.dart
DA:10,0
DA:23,0
DA:26,0
DA:27,0
DA:30,0
DA:32,0
DA:34,0
DA:39,0
DA:40,0
DA:42,0
DA:43,0
DA:44,0
DA:45,0
DA:49,0
DA:50,0
DA:55,0
DA:60,0
DA:61,0
DA:63,0
DA:64,0
DA:66,0
DA:67,0
DA:68,0
DA:72,0
DA:75,0
DA:76,0
DA:79,0
DA:83,0
DA:91,0
DA:92,0
DA:93,0
DA:95,0
DA:96,0
DA:97,0
DA:99,0
DA:100,0
DA:103,0
DA:106,0
DA:107,0
DA:109,0
DA:112,0
DA:113,0
DA:114,0
DA:115,0
DA:118,0
DA:124,0
DA:125,0
DA:126,0
DA:128,0
DA:129,0
DA:131,0
DA:132,0
DA:135,0
DA:137,0
DA:138,0
DA:142,0
DA:144,0
DA:147,0
DA:148,0
DA:151,0
DA:152,0
DA:153,0
DA:157,0
DA:162,0
DA:164,0
DA:170,0
DA:171,0
DA:172,0
DA:174,0
DA:175,0
DA:177,0
DA:178,0
DA:179,0
DA:180,0
DA:182,0
DA:183,0
DA:184,0
DA:190,0
DA:192,0
DA:193,0
DA:194,0
DA:195,0
DA:198,0
DA:201,0
DA:204,0
DA:207,0
DA:208,0
DA:209,0
DA:210,0
DA:216,0
DA:217,0
DA:218,0
DA:221,0
DA:223,0
DA:225,0
DA:228,0
DA:231,0
DA:236,0
DA:237,0
DA:238,0
DA:239,0
DA:240,0
DA:242,0
DA:243,0
DA:244,0
DA:247,0
DA:257,0
DA:259,0
DA:267,0
DA:269,0
DA:271,0
DA:273,0
DA:274,0
DA:276,0
DA:281,0
DA:289,0
DA:290,0
DA:295,0
DA:296,0
DA:297,0
DA:298,0
DA:299,0
DA:305,0
DA:317,0
DA:321,0
DA:322,0
DA:324,0
DA:325,0
DA:327,0
DA:331,0
DA:338,0
DA:339,0
DA:340,0
DA:341,0
DA:343,0
DA:350,0
DA:352,0
DA:356,0
DA:357,0
DA:358,0
DA:362,0
DA:365,0
LF:142
LH:0
end_of_record
SF:lib/utils/performance_monitor.dart
DA:8,0
DA:9,0
DA:17,0
DA:18,0
DA:19,0
DA:23,0
DA:24,0
DA:26,0
DA:30,0
DA:31,0
DA:34,0
DA:37,0
DA:43,0
DA:47,0
DA:49,0
DA:50,0
DA:53,0
DA:54,0
DA:60,0
DA:61,0
DA:62,0
DA:65,0
DA:66,0
DA:68,0
DA:69,0
DA:70,0
DA:71,0
DA:78,0
DA:79,0
DA:80,0
DA:81,0
DA:82,0
DA:84,0
DA:88,0
DA:89,0
DA:90,0
DA:97,0
DA:102,0
DA:103,0
DA:106,0
DA:107,0
DA:108,0
DA:109,0
DA:113,0
DA:115,0
DA:116,0
DA:117,0
DA:119,0
DA:121,0
DA:122,0
DA:123,0
DA:124,0
DA:125,0
DA:126,0
DA:127,0
DA:135,0
DA:136,0
DA:137,0
DA:139,0
DA:140,0
DA:143,0
DA:144,0
DA:147,0
DA:148,0
DA:151,0
DA:152,0
DA:153,0
DA:156,0
DA:157,0
DA:164,0
DA:165,0
DA:166,0
DA:167,0
DA:172,0
DA:173,0
DA:174,0
DA:176,0
DA:179,0
DA:180,0
DA:181,0
DA:185,0
DA:186,0
DA:188,0
DA:189,0
DA:190,0
DA:191,0
DA:193,0
DA:197,0
DA:198,0
DA:199,0
DA:202,0
DA:203,0
DA:206,0
DA:207,0
DA:208,0
DA:240,0
DA:243,0
DA:250,0
DA:254,0
DA:255,0
DA:261,0
DA:265,0
DA:266,0
DA:274,0
DA:275,0
DA:279,0
DA:281,0
DA:282,0
DA:287,0
DA:289,0
DA:291,0
DA:292,0
DA:295,0
DA:296,0
DA:297,0
DA:300,0
DA:301,0
DA:305,0
DA:306,0
DA:307,0
DA:308,0
DA:309,0
DA:311,0
DA:318,0
DA:319,0
DA:321,0
DA:322,0
DA:323,0
DA:326,0
DA:327,0
DA:329,0
DA:330,0
DA:331,0
DA:332,0
DA:333,0
DA:334,0
DA:335,0
DA:336,0
DA:338,0
DA:341,0
DA:342,0
DA:350,0
DA:351,0
DA:353,0
DA:354,0
DA:355,0
DA:361,0
DA:363,0
DA:364,0
DA:369,0
DA:372,0
DA:373,0
DA:375,0
DA:376,0
DA:381,0
DA:382,0
DA:384,0
DA:385,0
DA:386,0
DA:387,0
DA:395,0
DA:396,0
DA:398,0
DA:401,0
LF:164
LH:0
end_of_record
SF:lib/utils/color_extensions.dart
DA:8,0
DA:10,0
DA:11,0
DA:12,0
DA:14,0
DA:15,0
DA:16,0
DA:25,1
DA:27,1
DA:28,2
DA:29,1
LF:11
LH:4
end_of_record
SF:lib/widgets/modern_ui/modern_cards.dart
DA:11,14
DA:41,8
DA:43,8
DA:44,16
DA:46,8
DA:48,8
DA:49,8
DA:50,8
DA:51,0
DA:52,16
DA:53,8
DA:54,8
DA:55,8
DA:56,8
DA:57,8
DA:58,8
DA:59,6
DA:60,8
DA:62,8
DA:66,8
DA:67,6
DA:70,6
DA:71,6
DA:72,6
DA:85,0
DA:105,0
DA:107,0
DA:109,0
DA:110,0
DA:111,0
DA:112,0
DA:113,0
DA:114,0
DA:115,0
DA:116,0
DA:124,2
DA:148,2
DA:150,2
DA:151,4
DA:152,2
DA:154,2
DA:155,2
DA:157,4
DA:158,4
DA:163,2
DA:164,2
DA:165,2
DA:167,2
DA:168,2
DA:170,2
DA:172,2
DA:173,2
DA:174,2
DA:176,2
DA:177,2
DA:186,2
DA:187,2
DA:189,2
DA:190,2
DA:191,2
DA:192,6
DA:198,4
DA:200,2
DA:201,2
DA:202,4
DA:210,3
DA:212,1
DA:214,4
DA:215,2
DA:217,4
DA:231,14
DA:251,2
DA:253,2
DA:254,2
DA:256,2
DA:257,2
DA:259,2
DA:260,2
DA:261,4
DA:262,2
DA:264,2
DA:265,2
DA:266,2
DA:268,4
DA:272,2
DA:273,2
DA:275,2
DA:276,2
DA:277,2
DA:278,4
DA:283,2
DA:285,2
DA:286,2
DA:287,6
DA:293,4
DA:295,2
DA:296,2
DA:297,6
DA:298,4
DA:307,4
DA:309,2
DA:310,2
DA:311,2
DA:321,2
DA:326,2
DA:328,2
DA:329,2
DA:330,2
DA:332,2
DA:334,2
DA:335,2
DA:337,2
DA:339,2
DA:351,0
DA:369,0
DA:371,0
DA:372,0
DA:374,0
DA:377,0
DA:379,0
DA:383,0
DA:384,0
DA:386,0
DA:387,0
DA:388,0
DA:390,0
DA:391,0
DA:392,0
DA:399,0
DA:400,0
DA:401,0
DA:407,0
DA:409,0
DA:410,0
DA:411,0
DA:412,0
DA:419,0
DA:420,0
DA:423,0
DA:434,2
DA:456,2
DA:458,2
DA:459,6
DA:460,4
DA:462,2
DA:463,2
DA:464,2
DA:465,2
DA:467,4
DA:469,2
DA:471,2
DA:473,2
DA:474,2
DA:475,4
DA:476,2
DA:478,2
DA:479,2
DA:480,2
DA:482,2
DA:483,2
DA:490,2
DA:491,2
DA:493,2
DA:494,2
DA:495,2
DA:496,6
DA:503,4
DA:505,2
DA:506,2
DA:507,6
DA:508,4
DA:519,2
DA:523,2
DA:531,2
DA:532,2
DA:533,6
DA:534,4
DA:544,2
DA:545,2
DA:546,2
DA:547,2
DA:548,2
DA:549,2
DA:552,2
DA:553,2
DA:557,4
DA:559,2
DA:560,2
DA:564,2
DA:565,2
DA:566,2
DA:567,2
DA:568,2
DA:571,2
DA:573,2
DA:574,2
DA:580,2
DA:581,2
DA:582,2
DA:585,2
DA:605,2
DA:633,2
DA:635,2
DA:636,6
DA:638,2
DA:639,2
DA:644,2
DA:645,2
DA:647,2
DA:648,2
DA:650,4
DA:651,4
DA:653,2
DA:654,2
DA:656,6
DA:657,2
DA:658,2
DA:659,2
DA:662,2
DA:663,2
DA:666,2
DA:670,2
DA:671,2
DA:673,2
DA:675,2
DA:676,2
DA:678,2
DA:680,2
DA:681,2
DA:682,6
DA:694,2
DA:695,2
DA:696,4
DA:697,6
DA:698,4
DA:708,2
DA:711,2
DA:712,2
DA:713,2
DA:716,2
DA:727,2
DA:730,4
DA:739,2
DA:746,2
DA:750,2
DA:751,6
DA:752,6
DA:753,6
DA:757,6
DA:758,4
DA:761,2
DA:764,2
DA:766,2
DA:768,2
DA:769,2
DA:770,2
DA:771,2
DA:775,6
DA:777,2
DA:778,2
DA:779,2
DA:780,2
DA:789,2
DA:790,2
DA:791,2
DA:792,2
DA:794,6
DA:796,2
DA:798,2
DA:803,2
DA:804,2
DA:805,2
DA:806,2
DA:808,2
DA:810,2
DA:811,2
DA:812,2
DA:816,2
DA:818,2
DA:820,2
DA:821,2
DA:822,2
DA:834,8
DA:836,2
DA:837,2
DA:838,2
DA:842,2
DA:843,2
DA:844,2
DA:845,2
DA:846,2
DA:849,2
DA:850,2
DA:851,2
DA:868,2
DA:869,2
DA:872,4
DA:873,2
DA:874,2
DA:876,2
DA:885,4
DA:886,2
DA:887,2
DA:889,2
DA:898,4
DA:899,2
DA:900,2
DA:902,2
DA:912,2
DA:913,6
DA:914,4
DA:915,6
DA:916,2
DA:923,2
DA:924,2
DA:925,0
DA:927,0
DA:934,2
DA:937,2
DA:938,2
DA:939,2
DA:941,2
DA:943,2
DA:949,2
DA:950,2
DA:951,2
DA:953,2
DA:955,2
DA:957,2
DA:959,2
DA:966,2
DA:967,2
DA:968,8
DA:969,10
DA:970,8
DA:972,2
DA:974,2
DA:977,8
LF:338
LH:298
end_of_record
SF:lib/widgets/modern_ui/modern_badges.dart
DA:7,6
DA:27,0
DA:29,0
DA:30,0
DA:31,0
DA:33,0
DA:34,0
DA:35,0
DA:36,0
DA:38,0
DA:39,0
DA:40,0
DA:41,0
DA:42,0
DA:47,0
DA:48,0
DA:49,0
DA:57,0
DA:58,0
DA:61,0
DA:62,0
DA:63,0
DA:71,0
DA:72,0
DA:73,0
DA:75,0
DA:77,0
DA:82,0
DA:83,0
DA:84,0
DA:86,0
DA:88,0
DA:93,0
DA:94,0
DA:95,0
DA:96,0
DA:99,0
DA:100,0
DA:103,0
DA:104,0
DA:110,0
DA:111,0
DA:112,0
DA:113,0
DA:115,0
DA:117,0
DA:118,0
DA:120,0
DA:121,0
DA:123,0
DA:124,0
DA:125,0
DA:126,0
DA:128,0
DA:129,0
DA:130,0
DA:131,0
DA:132,0
DA:137,0
DA:138,0
DA:139,0
DA:141,0
DA:142,0
DA:143,0
DA:152,0
DA:155,0
DA:156,0
DA:164,0
DA:166,0
DA:167,0
DA:171,0
DA:174,0
DA:175,0
DA:179,0
DA:182,0
DA:184,0
DA:185,0
DA:188,0
DA:190,0
DA:191,0
DA:192,0
DA:193,0
DA:194,0
DA:195,0
DA:205,0
DA:225,0
DA:227,0
DA:228,0
DA:229,0
DA:231,0
DA:233,0
DA:234,0
DA:236,0
DA:237,0
DA:238,0
DA:239,0
DA:241,0
DA:243,0
DA:244,0
DA:245,0
DA:246,0
DA:248,0
DA:252,0
DA:253,0
DA:254,0
DA:255,0
DA:259,0
DA:261,0
DA:262,0
DA:263,0
DA:266,0
DA:278,0
DA:279,0
DA:280,0
DA:281,0
DA:282,0
DA:283,0
DA:285,0
DA:286,0
DA:288,0
DA:289,0
DA:292,0
DA:294,0
DA:295,0
DA:296,0
DA:297,0
DA:302,0
DA:303,0
DA:306,0
DA:313,6
DA:325,0
DA:327,0
DA:328,0
DA:330,0
DA:331,0
DA:334,0
DA:335,0
DA:336,0
DA:340,0
DA:341,0
DA:342,0
DA:344,0
DA:346,0
DA:348,0
DA:350,0
DA:352,0
DA:359,0
DA:360,0
DA:361,0
DA:363,0
DA:365,0
DA:367,0
DA:369,0
DA:371,0
DA:382,6
DA:392,0
DA:394,0
DA:396,0
DA:397,0
DA:398,0
DA:399,0
DA:400,0
DA:401,0
DA:405,0
DA:406,0
DA:407,0
DA:408,0
DA:409,0
DA:410,0
DA:411,0
DA:412,0
DA:413,0
DA:414,0
DA:415,0
DA:416,0
DA:417,0
DA:418,0
DA:419,0
DA:420,0
DA:422,0
DA:430,0
DA:438,0
DA:460,0
DA:461,0
DA:467,0
DA:469,0
DA:470,0
DA:473,0
DA:475,0
DA:476,0
DA:477,0
DA:481,0
DA:482,0
DA:483,0
DA:484,0
DA:485,0
DA:487,0
DA:490,0
DA:491,0
DA:493,0
DA:498,0
DA:501,0
DA:503,0
DA:504,0
DA:505,0
DA:506,0
DA:507,0
DA:508,0
DA:509,0
DA:510,0
DA:513,0
DA:514,0
DA:515,0
DA:517,0
DA:526,10
DA:544,2
DA:546,2
DA:547,4
DA:548,6
DA:549,8
DA:552,4
DA:554,2
DA:555,2
DA:557,4
DA:558,8
DA:559,0
DA:561,2
DA:564,2
DA:566,2
DA:567,2
DA:571,2
DA:573,4
DA:574,2
DA:582,2
DA:583,8
DA:585,2
DA:586,2
DA:588,2
DA:591,4
DA:592,2
DA:594,4
DA:595,2
DA:599,6
DA:601,2
DA:603,2
DA:604,2
DA:605,2
DA:607,2
DA:609,2
LF:249
LH:37
end_of_record
SF:lib/screens/new_modern_home_screen.dart
DA:31,0
DA:33,0
DA:34,0
DA:35,0
DA:38,0
DA:39,0
DA:40,0
DA:41,0
DA:44,0
DA:47,0
DA:48,0
DA:49,0
DA:53,0
DA:54,0
DA:56,0
DA:58,0
DA:64,0
DA:65,0
DA:66,0
DA:70,0
DA:73,1
DA:76,0
DA:77,0
DA:106,0
DA:108,0
DA:109,0
DA:110,0
DA:111,0
DA:114,0
DA:116,0
DA:117,0
DA:118,0
DA:119,0
DA:120,0
DA:123,0
DA:124,0
DA:129,0
DA:134,0
DA:135,0
DA:139,0
DA:142,0
DA:143,0
DA:148,0
DA:149,0
DA:152,0
DA:154,0
DA:155,0
DA:156,0
DA:158,0
DA:159,0
DA:160,0
DA:161,0
DA:162,0
DA:163,0
DA:169,0
DA:173,0
DA:174,0
DA:175,0
DA:177,0
DA:178,0
DA:179,0
DA:204,0
DA:206,0
DA:207,0
DA:208,0
DA:237,0
DA:238,0
DA:241,0
DA:242,0
DA:243,0
DA:244,0
DA:246,0
DA:247,0
DA:251,0
DA:253,0
DA:257,0
DA:259,0
DA:260,0
DA:262,0
DA:263,0
DA:264,0
DA:265,0
DA:266,0
DA:268,0
DA:269,0
DA:272,0
DA:273,0
DA:277,0
DA:278,0
DA:279,0
DA:280,0
DA:281,0
DA:282,0
DA:284,0
DA:285,0
DA:286,0
DA:287,0
DA:288,0
DA:289,0
DA:290,0
DA:291,0
DA:306,0
DA:307,0
DA:308,0
DA:309,0
DA:313,0
DA:317,0
DA:318,0
DA:321,0
DA:322,0
DA:323,0
DA:324,0
DA:328,0
DA:329,0
DA:350,0
DA:351,0
DA:352,0
DA:356,0
DA:357,0
DA:360,0
DA:367,0
DA:368,0
DA:371,0
DA:372,0
DA:373,0
DA:374,0
DA:378,0
DA:382,0
DA:383,0
DA:384,0
DA:388,0
DA:389,0
DA:392,0
DA:399,0
DA:400,0
DA:403,0
DA:404,0
DA:405,0
DA:406,0
DA:410,0
DA:415,0
DA:416,0
DA:417,0
DA:421,0
DA:422,0
DA:425,0
DA:432,0
DA:433,0
DA:436,0
DA:437,0
DA:438,0
DA:439,0
DA:443,0
DA:447,0
DA:448,0
DA:449,0
DA:453,0
DA:454,0
DA:457,0
DA:464,0
DA:465,0
DA:468,0
DA:469,0
DA:470,0
DA:471,0
DA:475,0
DA:479,0
DA:484,0
DA:487,0
DA:488,0
DA:490,0
DA:491,0
DA:492,0
DA:493,0
DA:497,0
DA:498,0
DA:503,0
DA:506,0
DA:507,0
DA:508,0
DA:509,0
DA:514,0
DA:516,0
DA:519,0
DA:522,0
DA:525,0
DA:528,0
DA:531,0
DA:535,0
DA:539,0
DA:541,0
DA:542,0
DA:552,0
DA:556,0
DA:558,0
DA:559,0
DA:560,0
DA:561,0
DA:563,0
DA:564,0
DA:565,0
DA:568,0
DA:569,0
DA:573,0
DA:574,0
DA:575,0
DA:576,0
DA:580,0
DA:581,0
DA:582,0
DA:583,0
DA:590,6
DA:592,0
DA:594,0
DA:610,0
DA:626,0
DA:628,0
DA:629,0
DA:631,0
DA:633,0
DA:635,0
DA:639,0
DA:643,0
DA:647,0
DA:655,0
DA:656,0
DA:657,0
DA:658,0
DA:659,0
DA:660,0
DA:661,0
DA:666,0
DA:668,0
DA:669,0
DA:670,0
DA:671,0
DA:672,0
DA:674,0
DA:675,0
DA:677,0
DA:683,0
DA:685,0
DA:686,0
DA:692,0
DA:694,0
DA:695,0
DA:696,0
DA:707,0
DA:708,0
DA:709,0
DA:711,0
DA:717,0
DA:720,0
DA:726,0
DA:728,0
DA:729,0
DA:731,0
DA:732,0
DA:733,0
DA:734,0
DA:735,0
DA:737,0
DA:742,0
DA:743,0
DA:748,0
DA:749,0
DA:750,0
DA:752,0
DA:754,0
DA:755,0
DA:757,0
DA:759,0
DA:760,0
DA:768,0
DA:770,0
DA:771,0
DA:782,0
DA:783,0
DA:785,0
DA:786,0
DA:788,0
DA:793,0
DA:794,0
DA:795,0
DA:796,0
DA:797,0
DA:798,0
DA:799,0
DA:800,0
DA:801,0
DA:802,0
DA:804,0
DA:806,0
DA:823,0
DA:825,0
DA:826,0
DA:835,0
DA:836,0
DA:837,0
DA:838,0
DA:839,0
DA:840,0
DA:841,0
DA:843,0
DA:845,0
DA:862,0
DA:864,0
DA:865,0
DA:878,0
DA:879,0
DA:880,0
DA:881,0
DA:882,0
DA:883,0
DA:884,0
DA:885,0
DA:886,0
DA:888,0
DA:890,0
DA:907,0
DA:909,0
DA:910,0
DA:919,0
DA:920,0
DA:921,0
DA:922,0
DA:923,0
DA:924,0
DA:925,0
DA:927,0
DA:929,0
DA:946,0
DA:948,0
DA:949,0
DA:963,0
DA:968,0
DA:970,0
DA:971,0
DA:973,0
DA:978,0
DA:979,0
DA:980,0
DA:981,0
DA:982,0
DA:984,0
DA:987,0
DA:988,0
DA:990,0
DA:991,0
DA:996,0
DA:1002,0
DA:1011,0
DA:1012,0
DA:1013,0
DA:1015,0
DA:1018,0
DA:1019,0
DA:1021,0
DA:1022,0
DA:1027,0
DA:1033,0
DA:1047,0
DA:1051,0
DA:1053,0
DA:1054,0
DA:1056,0
DA:1057,0
DA:1059,0
DA:1063,0
DA:1064,0
DA:1065,0
DA:1067,0
DA:1068,0
DA:1077,0
DA:1078,0
DA:1079,0
DA:1080,0
DA:1081,0
DA:1082,0
DA:1083,0
DA:1086,0
DA:1089,0
DA:1091,0
DA:1096,0
DA:1098,0
DA:1099,0
DA:1109,0
DA:1110,0
DA:1113,0
DA:1114,0
DA:1115,0
DA:1118,0
DA:1121,0
DA:1129,0
DA:1130,0
DA:1131,0
DA:1133,0
DA:1135,0
DA:1137,0
DA:1144,0
DA:1145,0
DA:1146,0
DA:1148,0
DA:1150,0
DA:1152,0
DA:1159,0
DA:1160,0
DA:1161,0
DA:1162,0
DA:1164,0
DA:1166,0
DA:1167,0
DA:1168,0
DA:1171,0
DA:1172,0
DA:1173,0
DA:1175,0
DA:1176,0
DA:1178,0
DA:1179,0
DA:1180,0
DA:1181,0
DA:1182,0
DA:1183,0
DA:1184,0
DA:1188,0
DA:1191,0
DA:1192,0
DA:1193,0
DA:1198,0
DA:1199,0
DA:1205,0
DA:1208,0
DA:1209,0
DA:1210,0
DA:1215,0
DA:1216,0
DA:1226,0
DA:1227,0
DA:1229,0
DA:1231,0
DA:1232,0
DA:1233,0
DA:1234,0
DA:1235,0
DA:1236,0
DA:1243,0
DA:1246,0
DA:1248,0
DA:1249,0
DA:1250,0
DA:1251,0
DA:1252,0
DA:1254,0
DA:1255,0
DA:1263,0
DA:1264,0
DA:1266,0
DA:1267,0
DA:1269,0
DA:1270,0
DA:1271,0
DA:1277,0
DA:1278,0
DA:1279,0
DA:1280,0
DA:1281,0
DA:1282,0
DA:1283,0
DA:1287,0
DA:1290,0
DA:1299,0
DA:1300,0
DA:1301,0
DA:1303,0
DA:1305,0
DA:1314,0
DA:1316,0
DA:1318,0
DA:1319,0
DA:1320,0
DA:1321,0
DA:1322,0
DA:1332,0
DA:1333,0
DA:1343,0
DA:1344,0
DA:1345,0
DA:1349,0
DA:1350,0
DA:1351,0
DA:1353,0
DA:1355,0
DA:1356,0
DA:1357,0
DA:1358,0
DA:1362,0
DA:1364,0
DA:1365,0
DA:1368,0
DA:1373,0
DA:1374,0
DA:1375,0
DA:1379,0
DA:1380,0
DA:1381,0
DA:1382,0
DA:1383,0
DA:1387,0
DA:1388,0
DA:1389,0
DA:1390,0
DA:1391,0
DA:1394,0
DA:1396,0
DA:1397,0
DA:1401,0
DA:1402,0
DA:1403,0
DA:1405,0
DA:1407,0
DA:1409,0
DA:1416,0
DA:1417,0
DA:1418,0
DA:1420,0
DA:1422,0
DA:1424,0
DA:1431,0
DA:1432,0
DA:1436,0
DA:1440,0
DA:1441,0
DA:1442,0
DA:1445,0
DA:1446,0
DA:1447,0
DA:1451,0
DA:1452,0
DA:1453,0
DA:1456,0
DA:1457,0
DA:1460,0
DA:1461,0
DA:1463,0
DA:1468,0
DA:1469,0
DA:1470,0
DA:1473,0
DA:1474,0
DA:1475,0
DA:1477,0
DA:1478,0
DA:1479,0
DA:1480,0
DA:1482,0
DA:1483,0
DA:1484,0
DA:1485,0
DA:1487,0
DA:1488,0
DA:1489,0
DA:1501,0
DA:1502,0
DA:1503,0
DA:1504,0
DA:1505,0
DA:1507,0
DA:1509,0
DA:1512,0
DA:1516,0
DA:1517,0
DA:1518,0
DA:1519,0
DA:1520,0
DA:1521,0
DA:1526,6
DA:1528,0
DA:1530,0
DA:1531,0
DA:1533,0
DA:1535,0
DA:1536,0
DA:1538,0
DA:1545,0
DA:1546,0
DA:1547,0
DA:1548,0
DA:1549,0
DA:1552,0
DA:1556,0
DA:1563,0
DA:1573,0
DA:1574,0
DA:1575,0
DA:1576,0
DA:1577,0
DA:1578,0
DA:1579,0
DA:1580,0
DA:1581,0
DA:1582,0
DA:1585,0
DA:1590,0
DA:1597,0
DA:1612,0
DA:1617,0
DA:1618,0
DA:1620,0
DA:1621,0
DA:1629,0
DA:1634,0
DA:1635,0
DA:1637,0
DA:1638,0
DA:1647,0
DA:1654,0
DA:1655,0
DA:1656,0
DA:1657,0
DA:1658,0
DA:1660,0
DA:1662,0
DA:1664,0
DA:1671,0
DA:1673,0
DA:1679,0
DA:1681,0
DA:1682,0
DA:1693,6
DA:1695,0
DA:1697,0
DA:1699,0
DA:1700,0
DA:1702,0
DA:1708,0
DA:1713,0
DA:1714,0
DA:1716,0
DA:1717,0
DA:1725,0
DA:1730,0
DA:1737,0
DA:1742,0
DA:1752,6
DA:1754,0
DA:1756,0
DA:1758,0
DA:1760,0
DA:1761,0
DA:1763,0
DA:1769,0
DA:1774,0
DA:1775,0
DA:1777,0
DA:1778,0
DA:1786,0
DA:1791,0
DA:1798,0
DA:1803,0
DA:1813,6
DA:1815,0
DA:1817,0
DA:1819,0
DA:1821,0
DA:1822,0
DA:1824,0
DA:1831,0
DA:1832,0
DA:1833,0
DA:1834,0
DA:1835,0
DA:1838,0
DA:1840,0
DA:1847,0
DA:1849,0
DA:1854,0
DA:1855,0
DA:1856,0
DA:1857,0
DA:1863,0
DA:1866,0
DA:1873,0
DA:1878,0
DA:1879,0
DA:1881,0
DA:1882,0
DA:1890,0
DA:1895,0
DA:1896,0
DA:1898,0
DA:1899,0
LF:692
LH:6
end_of_record
SF:lib/l10n/app_localizations.dart
DA:66,0
DA:70,1
DA:71,1
DA:984,32
DA:986,0
DA:988,0
DA:991,0
DA:992,0
DA:994,0
DA:998,0
DA:1002,0
DA:1003,0
DA:1004,0
DA:1005,0
DA:1008,0
LF:15
LH:3
end_of_record
SF:lib/l10n/app_localizations_en.dart
DA:9,0
DA:11,0
DA:14,0
DA:17,0
DA:20,0
DA:23,0
DA:26,0
DA:29,0
DA:32,0
DA:35,0
DA:38,0
DA:41,0
DA:44,0
DA:47,0
DA:50,0
DA:53,0
DA:56,0
DA:59,0
DA:62,0
DA:65,0
DA:68,0
DA:71,0
DA:74,0
DA:77,0
DA:80,0
DA:83,0
DA:86,0
DA:89,0
DA:92,0
DA:95,0
DA:98,0
DA:100,0
DA:103,0
DA:106,0
DA:109,0
DA:112,0
DA:115,0
DA:118,0
DA:121,0
DA:124,0
DA:127,0
DA:130,0
DA:133,0
DA:136,0
DA:139,0
DA:142,0
DA:145,0
DA:148,0
DA:151,0
DA:154,0
DA:157,0
DA:160,0
DA:163,0
DA:166,0
DA:169,0
DA:172,0
DA:175,0
DA:178,0
DA:181,0
DA:184,0
DA:187,0
DA:190,0
DA:193,0
DA:196,0
DA:199,0
DA:202,0
DA:205,0
DA:208,0
DA:211,0
DA:213,0
DA:216,0
DA:218,0
DA:221,0
DA:224,0
DA:226,0
DA:229,0
DA:231,0
DA:234,0
DA:236,0
DA:239,0
DA:242,0
DA:245,0
DA:248,0
DA:250,0
DA:253,0
DA:256,0
DA:259,0
DA:262,0
DA:265,0
DA:268,0
DA:271,0
DA:274,0
DA:277,0
DA:280,0
DA:283,0
DA:286,0
DA:289,0
DA:292,0
DA:295,0
DA:298,0
DA:301,0
DA:304,0
DA:307,0
DA:310,0
DA:313,0
DA:316,0
DA:319,0
DA:322,0
DA:325,0
DA:328,0
DA:331,0
DA:334,0
DA:337,0
DA:340,0
DA:343,0
DA:346,0
DA:348,0
DA:351,0
DA:354,0
DA:357,0
DA:360,0
DA:363,0
DA:366,0
DA:369,0
DA:372,0
DA:375,0
DA:378,0
DA:381,0
DA:384,0
DA:387,0
DA:390,0
DA:393,0
DA:396,0
DA:399,0
DA:402,0
DA:405,0
DA:407,0
DA:410,0
DA:413,0
DA:416,0
DA:418,0
DA:421,0
DA:424,0
DA:427,0
DA:429,0
DA:432,0
DA:435,0
DA:437,0
DA:440,0
DA:443,0
DA:446,0
DA:449,0
DA:452,0
DA:455,0
DA:457,0
DA:460,0
DA:463,0
DA:466,0
DA:469,0
DA:471,0
DA:474,0
DA:477,0
LF:162
LH:0
end_of_record
SF:lib/l10n/app_localizations_hi.dart
DA:9,0
DA:11,0
DA:14,0
DA:17,0
DA:20,0
DA:23,0
DA:26,0
DA:29,0
DA:32,0
DA:35,0
DA:38,0
DA:41,0
DA:44,0
DA:47,0
DA:50,0
DA:53,0
DA:56,0
DA:59,0
DA:62,0
DA:65,0
DA:68,0
DA:71,0
DA:74,0
DA:77,0
DA:80,0
DA:83,0
DA:86,0
DA:89,0
DA:92,0
DA:95,0
DA:98,0
DA:100,0
DA:103,0
DA:106,0
DA:109,0
DA:112,0
DA:115,0
DA:118,0
DA:121,0
DA:124,0
DA:127,0
DA:130,0
DA:133,0
DA:136,0
DA:139,0
DA:142,0
DA:145,0
DA:148,0
DA:151,0
DA:154,0
DA:157,0
DA:160,0
DA:163,0
DA:166,0
DA:169,0
DA:172,0
DA:175,0
DA:178,0
DA:181,0
DA:184,0
DA:187,0
DA:190,0
DA:193,0
DA:196,0
DA:199,0
DA:202,0
DA:205,0
DA:208,0
DA:211,0
DA:213,0
DA:216,0
DA:218,0
DA:221,0
DA:224,0
DA:226,0
DA:229,0
DA:231,0
DA:234,0
DA:236,0
DA:239,0
DA:242,0
DA:245,0
DA:248,0
DA:250,0
DA:253,0
DA:256,0
DA:259,0
DA:262,0
DA:265,0
DA:268,0
DA:271,0
DA:274,0
DA:277,0
DA:280,0
DA:283,0
DA:286,0
DA:289,0
DA:292,0
DA:295,0
DA:298,0
DA:301,0
DA:304,0
DA:307,0
DA:310,0
DA:313,0
DA:316,0
DA:319,0
DA:322,0
DA:325,0
DA:328,0
DA:331,0
DA:334,0
DA:337,0
DA:340,0
DA:343,0
DA:346,0
DA:348,0
DA:351,0
DA:354,0
DA:357,0
DA:360,0
DA:363,0
DA:366,0
DA:369,0
DA:372,0
DA:375,0
DA:378,0
DA:381,0
DA:384,0
DA:387,0
DA:390,0
DA:393,0
DA:396,0
DA:399,0
DA:402,0
DA:405,0
DA:407,0
DA:410,0
DA:413,0
DA:416,0
DA:418,0
DA:421,0
DA:424,0
DA:427,0
DA:429,0
DA:432,0
DA:435,0
DA:437,0
DA:440,0
DA:443,0
DA:446,0
DA:449,0
DA:452,0
DA:455,0
DA:457,0
DA:460,0
DA:463,0
DA:466,0
DA:469,0
DA:471,0
DA:474,0
DA:477,0
LF:162
LH:0
end_of_record
SF:lib/l10n/app_localizations_kn.dart
DA:9,0
DA:11,0
DA:14,0
DA:17,0
DA:20,0
DA:23,0
DA:26,0
DA:29,0
DA:32,0
DA:35,0
DA:38,0
DA:41,0
DA:44,0
DA:47,0
DA:50,0
DA:53,0
DA:56,0
DA:59,0
DA:62,0
DA:65,0
DA:68,0
DA:71,0
DA:74,0
DA:77,0
DA:80,0
DA:83,0
DA:86,0
DA:89,0
DA:92,0
DA:95,0
DA:98,0
DA:100,0
DA:103,0
DA:106,0
DA:109,0
DA:112,0
DA:115,0
DA:118,0
DA:121,0
DA:124,0
DA:127,0
DA:130,0
DA:133,0
DA:136,0
DA:139,0
DA:142,0
DA:145,0
DA:148,0
DA:151,0
DA:154,0
DA:157,0
DA:160,0
DA:163,0
DA:166,0
DA:169,0
DA:172,0
DA:175,0
DA:178,0
DA:181,0
DA:184,0
DA:187,0
DA:190,0
DA:193,0
DA:196,0
DA:199,0
DA:202,0
DA:205,0
DA:208,0
DA:211,0
DA:213,0
DA:216,0
DA:218,0
DA:221,0
DA:224,0
DA:226,0
DA:229,0
DA:231,0
DA:234,0
DA:236,0
DA:239,0
DA:242,0
DA:245,0
DA:248,0
DA:250,0
DA:253,0
DA:256,0
DA:259,0
DA:262,0
DA:265,0
DA:268,0
DA:271,0
DA:274,0
DA:277,0
DA:280,0
DA:283,0
DA:286,0
DA:289,0
DA:292,0
DA:295,0
DA:298,0
DA:301,0
DA:304,0
DA:307,0
DA:310,0
DA:313,0
DA:316,0
DA:319,0
DA:322,0
DA:325,0
DA:328,0
DA:331,0
DA:334,0
DA:337,0
DA:340,0
DA:343,0
DA:346,0
DA:348,0
DA:351,0
DA:354,0
DA:357,0
DA:360,0
DA:363,0
DA:366,0
DA:369,0
DA:372,0
DA:375,0
DA:378,0
DA:381,0
DA:384,0
DA:387,0
DA:390,0
DA:393,0
DA:396,0
DA:399,0
DA:402,0
DA:405,0
DA:407,0
DA:410,0
DA:413,0
DA:416,0
DA:418,0
DA:421,0
DA:424,0
DA:427,0
DA:429,0
DA:432,0
DA:435,0
DA:437,0
DA:440,0
DA:443,0
DA:446,0
DA:449,0
DA:452,0
DA:455,0
DA:457,0
DA:460,0
DA:463,0
DA:466,0
DA:469,0
DA:471,0
DA:474,0
DA:477,0
LF:162
LH:0
end_of_record
SF:lib/models/cached_classification.dart
DA:15,1
DA:22,1
DA:23,1
DA:26,1
DA:27,1
DA:28,1
DA:29,2
DA:30,2
DA:31,2
DA:32,1
DA:33,1
DA:38,1
DA:43,1
DA:74,1
DA:75,2
DA:76,2
DA:80,1
DA:81,1
DA:82,1
DA:83,2
DA:84,2
DA:85,2
DA:86,1
DA:87,1
DA:93,1
DA:94,2
DA:98,1
DA:99,1
DA:100,1
LF:29
LH:29
end_of_record
SF:lib/models/cached_classification.g.dart
DA:13,0
DA:15,0
DA:16,0
DA:17,0
DA:19,0
DA:20,0
DA:21,0
DA:22,0
DA:23,0
DA:24,0
DA:25,0
DA:29,0
DA:32,0
DA:33,0
DA:34,0
DA:35,0
DA:36,0
DA:37,0
DA:38,0
DA:39,0
DA:40,0
DA:41,0
DA:42,0
DA:43,0
DA:44,0
DA:47,0
DA:48,0
DA:50,0
DA:53,0
DA:54,0
DA:55,0
LF:31
LH:0
end_of_record
SF:lib/models/enhanced_family.dart
DA:6,0
DA:20,0
DA:25,0
DA:26,0
DA:27,0
DA:32,0
DA:33,0
DA:38,0
DA:39,0
DA:40,0
DA:41,0
DA:42,0
DA:43,0
DA:44,0
DA:45,0
DA:46,0
DA:47,0
DA:48,0
DA:49,0
DA:50,0
DA:51,0
DA:52,0
DA:67,0
DA:68,0
DA:72,0
DA:74,0
DA:81,0
DA:82,0
DA:86,0
DA:98,0
DA:99,0
DA:100,0
DA:101,0
DA:102,0
DA:103,0
DA:104,0
DA:105,0
DA:106,0
DA:107,0
DA:108,0
DA:113,0
DA:114,0
DA:115,0
DA:116,0
DA:117,0
DA:118,0
DA:119,0
DA:120,0
DA:121,0
DA:122,0
DA:123,0
DA:124,0
DA:132,0
DA:142,0
DA:143,0
DA:144,0
DA:145,0
DA:146,0
DA:147,0
DA:149,0
DA:150,0
DA:151,0
DA:152,0
DA:163,0
DA:169,0
DA:170,0
DA:171,0
DA:172,0
DA:173,0
DA:174,0
DA:175,0
DA:180,0
DA:181,0
DA:182,0
DA:183,0
DA:184,0
DA:185,0
DA:186,0
DA:187,0
DA:195,6
DA:209,0
DA:210,0
DA:211,0
DA:212,0
DA:213,0
DA:214,0
DA:215,0
DA:216,0
DA:218,0
DA:219,0
DA:221,0
DA:222,0
DA:223,0
DA:224,0
DA:225,0
DA:226,0
DA:242,0
DA:249,0
DA:261,0
DA:262,0
DA:263,0
DA:264,0
DA:265,0
DA:266,0
DA:267,0
DA:268,0
DA:269,0
DA:270,0
DA:271,0
DA:276,0
DA:277,0
DA:278,0
DA:279,0
DA:280,0
DA:281,0
DA:282,0
DA:283,0
DA:284,0
DA:285,0
DA:286,0
DA:287,0
DA:295,6
DA:304,0
DA:315,0
DA:316,0
DA:317,0
DA:318,0
DA:319,0
DA:320,0
DA:321,0
DA:331,0
DA:332,0
DA:333,0
DA:334,0
DA:335,0
DA:336,0
DA:337,0
DA:345,6
DA:353,0
DA:362,0
DA:363,0
DA:364,0
DA:365,0
DA:366,0
DA:367,0
DA:368,0
DA:369,0
DA:370,0
DA:379,0
DA:380,0
DA:381,0
DA:382,0
DA:383,0
DA:384,0
DA:392,6
DA:401,0
DA:406,0
DA:407,0
DA:408,0
DA:409,0
DA:410,0
DA:411,0
DA:412,0
DA:413,0
DA:426,0
DA:433,0
DA:434,0
DA:435,0
DA:436,0
DA:437,0
DA:438,0
DA:443,0
DA:444,0
DA:445,0
DA:446,0
DA:447,0
DA:448,0
DA:449,0
DA:457,0
DA:468,0
DA:469,0
DA:474,0
DA:475,0
DA:476,0
DA:481,0
DA:482,0
DA:483,0
DA:484,0
DA:485,0
DA:486,0
DA:487,0
DA:488,0
DA:489,0
DA:490,0
DA:491,0
DA:492,0
DA:504,0
DA:513,0
DA:514,0
DA:515,0
DA:516,0
DA:517,0
DA:518,0
DA:519,0
DA:520,0
DA:525,0
DA:526,0
DA:527,0
DA:528,0
DA:529,0
DA:530,0
DA:531,0
DA:532,0
DA:533,0
DA:541,0
DA:549,0
DA:550,0
DA:554,0
DA:559,0
DA:560,0
DA:561,0
DA:562,0
DA:563,0
DA:564,0
DA:573,0
DA:574,0
DA:575,0
DA:576,0
DA:577,0
DA:578,0
DA:586,0
DA:595,0
DA:596,0
DA:597,0
DA:598,0
DA:599,0
DA:600,0
DA:601,0
DA:611,0
DA:612,0
DA:613,0
DA:614,0
DA:615,0
DA:616,0
DA:617,0
LF:245
LH:4
end_of_record
SF:lib/models/family_invitation.dart
DA:32,1
DA:46,0
DA:47,1
DA:48,2
DA:51,1
DA:52,1
DA:53,1
DA:54,1
DA:55,1
DA:56,1
DA:57,1
DA:58,1
DA:59,1
DA:60,1
DA:61,6
DA:62,0
DA:64,1
DA:65,6
DA:66,0
DA:68,1
DA:69,6
DA:70,0
DA:72,2
DA:73,2
DA:74,1
DA:75,0
DA:119,1
DA:135,1
DA:136,1
DA:137,1
DA:138,1
DA:139,1
DA:140,1
DA:141,1
DA:142,1
DA:143,1
DA:144,1
DA:145,1
DA:146,1
DA:147,1
DA:148,2
DA:153,1
DA:154,1
DA:155,1
DA:156,1
DA:157,1
DA:158,1
DA:159,1
DA:160,1
DA:161,1
DA:162,4
DA:163,4
DA:164,4
DA:165,2
DA:166,2
DA:167,1
DA:172,1
DA:173,2
DA:174,3
DA:175,1
DA:179,1
DA:180,5
DA:184,0
DA:185,0
DA:189,1
DA:190,1
DA:191,4
DA:195,1
DA:196,1
DA:197,4
DA:200,0
DA:201,0
DA:202,0
DA:204,0
DA:206,0
DA:208,0
DA:210,0
DA:212,0
DA:217,1
DA:221,1
DA:222,3
DA:223,3
DA:224,3
DA:225,3
DA:226,3
DA:227,3
DA:228,3
DA:229,3
DA:230,3
DA:231,3
DA:232,3
DA:233,3
DA:234,3
DA:237,1
DA:239,3
DA:240,3
DA:241,3
DA:242,3
DA:243,3
DA:244,3
DA:245,3
DA:246,3
DA:247,3
DA:248,3
DA:249,3
DA:250,3
DA:251,2
DA:258,0
DA:272,0
DA:273,0
DA:274,0
DA:275,0
DA:276,0
DA:277,0
DA:278,0
DA:279,0
DA:280,0
DA:282,0
DA:283,0
DA:284,0
DA:285,0
DA:286,0
DA:287,0
DA:288,0
DA:289,0
DA:323,0
DA:324,0
DA:325,0
DA:326,0
DA:327,0
DA:328,0
DA:329,0
DA:330,0
DA:331,0
DA:332,0
DA:333,0
DA:334,0
DA:342,0
DA:351,0
DA:352,0
DA:353,0
DA:354,0
DA:355,0
DA:356,0
DA:357,0
DA:376,0
DA:377,0
DA:378,0
DA:379,0
DA:380,0
DA:381,0
DA:382,0
DA:387,0
DA:388,0
DA:389,0
DA:393,0
DA:394,0
DA:395,0
DA:396,0
LF:159
LH:92
end_of_record
SF:lib/models/premium_feature.dart
DA:3,38
DA:12,1
DA:13,1
DA:14,1
DA:15,1
DA:16,1
DA:17,1
DA:18,1
DA:19,1
DA:29,1
DA:30,1
DA:31,1
DA:32,1
DA:33,1
DA:34,1
DA:35,1
DA:36,1
LF:17
LH:17
end_of_record
SF:lib/models/shared_waste_classification.dart
DA:21,0
DA:37,0
DA:46,0
DA:47,0
DA:52,0
DA:60,0
DA:61,0
DA:62,0
DA:63,0
DA:64,0
DA:65,0
DA:66,0
DA:67,0
DA:68,0
DA:69,0
DA:70,0
DA:71,0
DA:72,0
DA:73,0
DA:74,0
DA:75,0
DA:76,0
DA:77,0
DA:78,0
DA:80,0
DA:81,0
DA:121,0
DA:135,0
DA:136,0
DA:137,0
DA:138,0
DA:139,0
DA:140,0
DA:141,0
DA:142,0
DA:143,0
DA:144,0
DA:145,0
DA:146,0
DA:147,0
DA:152,0
DA:153,0
DA:154,0
DA:155,0
DA:156,0
DA:157,0
DA:158,0
DA:159,0
DA:160,0
DA:161,0
DA:162,0
DA:163,0
DA:164,0
DA:165,0
DA:170,0
DA:171,0
DA:173,0
DA:174,0
DA:175,0
DA:179,0
DA:180,0
DA:181,0
DA:189,0
DA:192,0
DA:193,0
DA:197,0
DA:199,0
DA:206,0
DA:207,0
DA:211,0
DA:212,0
DA:213,0
DA:214,0
DA:220,0
DA:221,0
DA:222,0
DA:223,0
DA:224,0
DA:228,0
DA:229,0
DA:230,0
DA:232,0
DA:233,0
DA:234,0
DA:235,0
DA:236,0
DA:237,0
DA:238,0
DA:239,0
LF:89
LH:0
end_of_record
SF:lib/providers/disposal_instructions_provider.dart
DA:6,4
DA:7,1
DA:11,4
DA:12,2
DA:14,0
DA:15,0
DA:16,0
DA:17,0
DA:18,0
DA:25,1
DA:36,1
DA:39,1
DA:40,3
DA:41,3
DA:42,3
DA:43,3
DA:46,1
DA:48,5
DA:51,0
DA:53,0
DA:58,0
DA:59,0
DA:60,0
DA:64,0
DA:65,0
DA:66,0
DA:67,0
LF:27
LH:13
end_of_record
SF:lib/services/disposal_instructions_service.dart
DA:17,0
DA:18,0
DA:19,0
DA:20,0
DA:21,0
DA:25,0
DA:32,0
DA:35,0
DA:36,0
DA:37,0
DA:41,0
DA:42,0
DA:43,0
DA:44,0
DA:46,0
DA:47,0
DA:48,0
DA:49,0
DA:54,0
DA:55,0
DA:63,0
DA:67,0
DA:68,0
DA:73,0
DA:80,0
DA:81,0
DA:82,0
DA:83,0
DA:84,0
DA:85,0
DA:88,0
DA:89,0
DA:90,0
DA:93,0
DA:94,0
DA:96,0
DA:97,0
DA:98,0
DA:100,0
DA:105,0
DA:106,0
DA:107,0
DA:108,0
DA:109,0
DA:110,0
DA:111,0
DA:112,0
DA:113,0
DA:114,0
DA:115,0
DA:120,0
DA:121,0
DA:122,0
DA:123,0
DA:124,0
DA:125,0
DA:126,0
DA:127,0
DA:128,0
DA:129,0
DA:130,0
DA:135,0
DA:136,0
DA:138,0
DA:139,0
DA:142,0
DA:144,0
DA:145,0
DA:146,0
DA:147,0
DA:148,0
DA:149,0
DA:150,0
DA:151,0
DA:152,0
DA:153,0
DA:155,0
DA:159,0
DA:163,0
DA:166,0
DA:167,0
DA:170,0
DA:171,0
DA:172,0
DA:179,0
DA:181,0
DA:182,0
DA:183,0
DA:185,0
DA:193,0
DA:196,0
DA:197,0
DA:199,0
DA:207,0
DA:210,0
DA:211,0
DA:213,0
DA:221,0
DA:225,0
DA:227,0
DA:241,0
DA:242,0
DA:246,0
DA:247,0
DA:248,0
DA:249,0
DA:250,0
DA:251,0
DA:252,0
DA:255,0
DA:257,0
DA:258,0
DA:259,0
DA:262,0
LF:114
LH:0
end_of_record
SF:lib/providers/points_engine_provider.dart
DA:9,0
DA:10,0
DA:11,0
DA:12,0
DA:20,0
DA:23,0
DA:25,0
DA:26,0
DA:28,0
DA:33,0
DA:34,0
DA:37,0
DA:39,0
DA:40,0
DA:41,0
DA:47,0
DA:49,0
LF:17
LH:0
end_of_record
SF:lib/providers/theme_provider.dart
DA:7,0
DA:8,0
DA:13,0
DA:15,0
DA:16,0
DA:17,0
DA:18,0
DA:19,0
DA:22,0
DA:23,0
DA:24,0
DA:25,0
DA:26,0
LF:13
LH:0
end_of_record
SF:lib/screens/achievements_screen.dart
DA:14,25
DA:20,0
DA:21,0
DA:36,0
DA:38,0
DA:39,0
DA:40,0
DA:42,0
DA:45,0
DA:46,0
DA:47,0
DA:48,0
DA:49,0
DA:54,0
DA:57,0
DA:59,0
DA:60,0
DA:61,0
DA:65,0
DA:67,0
DA:68,0
DA:69,0
DA:70,0
DA:75,0
DA:77,0
DA:78,0
DA:79,0
DA:80,0
DA:86,0
DA:87,0
DA:90,0
DA:92,0
DA:94,0
DA:95,0
DA:96,0
DA:101,0
DA:105,0
DA:106,0
DA:107,0
DA:108,0
DA:109,0
DA:111,0
DA:113,0
DA:121,0
DA:123,0
DA:125,0
DA:126,0
DA:127,0
DA:131,0
DA:132,0
DA:134,0
DA:136,0
DA:137,0
DA:138,0
DA:139,0
DA:142,0
DA:143,0
DA:144,0
DA:152,0
DA:154,0
DA:155,0
DA:158,0
DA:159,0
DA:160,0
DA:161,0
DA:165,0
DA:166,0
DA:167,0
DA:168,0
DA:172,0
DA:174,0
DA:176,0
DA:177,0
DA:179,0
DA:180,0
DA:188,0
DA:189,0
DA:190,0
DA:191,0
DA:192,0
DA:193,0
DA:195,0
DA:198,0
DA:199,0
DA:221,0
DA:222,0
DA:223,0
DA:225,0
DA:243,0
DA:244,0
DA:267,0
DA:269,0
DA:270,0
DA:271,0
DA:272,0
DA:273,0
DA:274,0
DA:276,0
DA:277,0
DA:278,0
DA:280,0
DA:281,0
DA:282,0
DA:290,0
DA:291,0
DA:292,0
DA:293,0
DA:301,0
DA:303,0
DA:305,0
DA:306,0
DA:307,0
DA:308,0
DA:310,0
DA:314,0
DA:316,0
DA:318,0
DA:320,0
DA:324,0
DA:325,0
DA:327,0
DA:328,0
DA:335,0
DA:337,0
DA:345,0
DA:346,0
DA:355,0
DA:357,0
DA:365,0
DA:366,0
DA:382,0
DA:383,0
DA:384,0
DA:386,0
DA:388,0
DA:389,0
DA:390,0
DA:397,0
DA:406,0
DA:407,0
DA:408,0
DA:409,0
DA:421,0
DA:422,0
DA:423,0
DA:425,0
DA:426,0
DA:429,0
DA:430,0
DA:431,0
DA:432,0
DA:433,0
DA:434,0
DA:435,0
DA:436,0
DA:439,0
DA:442,0
DA:443,0
DA:448,0
DA:449,0
DA:450,0
DA:451,0
DA:453,0
DA:456,0
DA:458,0
DA:459,0
DA:464,0
DA:465,0
DA:466,0
DA:469,0
DA:477,0
DA:478,0
DA:491,0
DA:493,0
DA:495,0
DA:497,0
DA:499,0
DA:500,0
DA:502,0
DA:503,0
DA:506,0
DA:510,0
DA:512,0
DA:513,0
DA:515,0
DA:527,0
DA:529,0
DA:531,0
DA:532,0
DA:533,0
DA:535,0
DA:536,0
DA:537,0
DA:542,0
DA:554,0
DA:556,0
DA:558,0
DA:560,0
DA:565,0
DA:567,0
DA:568,0
DA:584,0
DA:586,0
DA:587,0
DA:588,0
DA:589,0
DA:592,0
DA:593,0
DA:596,0
DA:597,0
DA:602,0
DA:605,0
DA:606,0
DA:609,0
DA:610,0
DA:611,0
DA:616,0
DA:617,0
DA:621,0
DA:622,0
DA:623,0
DA:624,0
DA:631,0
DA:632,0
DA:633,0
DA:634,0
DA:642,0
DA:643,0
DA:644,0
DA:645,0
DA:646,0
DA:647,0
DA:648,0
DA:650,0
DA:651,0
DA:652,0
DA:654,0
DA:655,0
DA:656,0
DA:659,0
DA:665,0
DA:667,0
DA:669,0
DA:671,0
DA:672,0
DA:673,0
DA:674,0
DA:676,0
DA:677,0
DA:680,0
DA:685,0
DA:686,0
DA:692,0
DA:693,0
DA:695,0
DA:696,0
DA:697,0
DA:700,0
DA:707,0
DA:710,0
DA:711,0
DA:712,0
DA:714,0
DA:716,0
DA:723,0
DA:724,0
DA:725,0
DA:727,0
DA:734,0
DA:737,0
DA:738,0
DA:739,0
DA:740,0
DA:741,0
DA:742,0
DA:743,0
DA:747,0
DA:748,0
DA:750,0
DA:754,0
DA:762,0
DA:763,0
DA:764,0
DA:767,0
DA:768,0
DA:769,0
DA:771,0
DA:773,0
DA:774,0
DA:776,0
DA:780,0
DA:781,0
DA:782,0
DA:783,0
DA:790,0
DA:791,0
DA:792,0
DA:793,0
DA:794,0
DA:795,0
DA:799,0
DA:801,0
DA:802,0
DA:803,0
DA:805,0
DA:807,0
DA:814,0
DA:815,0
DA:818,0
DA:819,0
DA:820,0
DA:822,0
DA:824,0
DA:833,0
DA:834,0
DA:835,0
DA:846,0
DA:847,0
DA:848,0
DA:856,0
DA:857,0
DA:858,0
DA:859,0
DA:860,0
DA:861,0
DA:862,0
DA:864,0
DA:865,0
DA:866,0
DA:867,0
DA:870,0
DA:872,0
DA:874,0
DA:885,0
DA:886,0
DA:889,0
DA:890,0
DA:891,0
DA:892,0
DA:895,0
DA:898,0
DA:900,0
DA:901,0
DA:906,0
DA:907,0
DA:910,0
DA:911,0
DA:914,0
DA:915,0
DA:916,0
DA:920,0
DA:921,0
DA:924,0
DA:926,0
DA:927,0
DA:931,0
DA:932,0
DA:935,0
DA:940,0
DA:941,0
DA:944,0
DA:946,0
DA:947,0
DA:948,0
DA:951,0
DA:959,0
DA:960,0
DA:961,0
DA:962,0
DA:976,0
DA:979,0
DA:980,0
DA:981,0
DA:982,0
DA:986,0
DA:989,0
DA:998,0
DA:1001,0
DA:1002,0
DA:1003,0
DA:1004,0
DA:1007,0
DA:1008,0
DA:1009,0
DA:1010,0
DA:1012,0
DA:1013,0
DA:1014,0
DA:1016,0
DA:1019,0
DA:1020,0
DA:1021,0
DA:1022,0
DA:1023,0
DA:1024,0
DA:1025,0
DA:1027,0
DA:1028,0
DA:1031,0
DA:1032,0
DA:1033,0
DA:1037,0
DA:1038,0
DA:1039,0
DA:1041,0
DA:1043,0
DA:1050,0
DA:1051,0
DA:1052,0
DA:1070,0
DA:1071,0
DA:1072,0
DA:1074,0
DA:1076,0
DA:1078,0
DA:1080,0
DA:1082,0
DA:1083,0
DA:1084,0
DA:1086,0
DA:1087,0
DA:1090,0
DA:1093,0
DA:1094,0
DA:1096,0
DA:1097,0
DA:1098,0
DA:1104,0
DA:1105,0
DA:1122,0
DA:1123,0
DA:1125,0
DA:1126,0
DA:1128,0
DA:1129,0
DA:1132,0
DA:1133,0
DA:1135,0
DA:1140,0
DA:1142,0
DA:1143,0
DA:1144,0
DA:1146,0
DA:1148,0
DA:1158,0
DA:1160,0
DA:1161,0
DA:1163,0
DA:1165,0
DA:1168,0
DA:1169,0
DA:1176,0
DA:1177,0
DA:1190,0
DA:1194,0
DA:1196,0
DA:1198,0
DA:1199,0
DA:1200,0
DA:1203,0
DA:1206,0
DA:1207,0
DA:1208,0
DA:1209,0
DA:1210,0
DA:1212,0
DA:1214,0
DA:1228,0
DA:1230,0
DA:1232,0
DA:1234,0
DA:1236,0
DA:1238,0
DA:1239,0
DA:1241,0
DA:1243,0
DA:1254,0
DA:1255,0
DA:1256,0
DA:1258,0
DA:1262,0
DA:1264,0
DA:1271,0
DA:1272,0
DA:1273,0
DA:1275,0
DA:1276,0
DA:1277,0
DA:1278,0
DA:1282,0
DA:1284,0
DA:1291,0
DA:1292,0
DA:1293,0
DA:1295,0
DA:1299,0
DA:1301,0
DA:1324,0
DA:1325,0
DA:1327,0
DA:1328,0
DA:1329,0
DA:1330,0
DA:1331,0
DA:1332,0
DA:1335,0
DA:1336,0
DA:1337,0
DA:1340,0
DA:1341,0
DA:1346,0
DA:1347,0
DA:1349,0
DA:1350,0
DA:1358,0
DA:1375,0
DA:1376,0
DA:1377,0
DA:1379,0
DA:1380,0
DA:1381,0
DA:1384,0
DA:1387,0
DA:1389,0
DA:1390,0
DA:1398,0
DA:1401,0
DA:1402,0
DA:1403,0
DA:1404,0
DA:1406,0
DA:1408,0
DA:1410,0
DA:1412,0
DA:1413,0
DA:1420,0
DA:1422,0
DA:1423,0
DA:1425,0
DA:1428,0
DA:1430,0
DA:1433,0
DA:1435,0
DA:1438,0
DA:1440,0
DA:1456,0
DA:1458,0
DA:1459,0
DA:1461,0
DA:1463,0
DA:1464,0
DA:1465,0
DA:1467,0
DA:1468,0
DA:1469,0
DA:1471,0
DA:1472,0
DA:1475,0
DA:1482,0
DA:1483,0
DA:1485,0
DA:1486,0
DA:1488,0
DA:1490,0
DA:1493,0
DA:1512,0
DA:1513,0
DA:1514,0
DA:1515,0
DA:1518,0
DA:1521,0
DA:1527,0
DA:1529,0
DA:1531,0
DA:1539,0
DA:1541,0
DA:1543,0
DA:1545,0
DA:1547,0
DA:1549,0
DA:1551,0
DA:1553,0
DA:1555,0
DA:1557,0
DA:1559,0
DA:1561,0
DA:1563,0
DA:1565,0
DA:1568,0
DA:1570,0
DA:1572,0
DA:1574,0
DA:1576,0
DA:1578,0
DA:1580,0
DA:1582,0
DA:1584,0
DA:1589,0
DA:1590,0
DA:1591,0
DA:1592,0
DA:1593,0
DA:1595,0
DA:1597,0
DA:1600,0
DA:1614,0
DA:1618,0
DA:1622,0
DA:1623,0
DA:1628,0
DA:1629,0
DA:1630,0
DA:1632,0
DA:1634,0
DA:1636,0
DA:1644,0
DA:1646,0
DA:1650,0
DA:1652,0
DA:1653,0
DA:1656,0
DA:1658,0
DA:1659,0
LF:623
LH:1
end_of_record
SF:lib/widgets/profile_summary_card.dart
DA:7,0
DA:10,0
DA:12,0
DA:13,0
DA:15,0
DA:16,0
DA:17,0
DA:19,0
DA:20,0
DA:22,0
DA:33,0
DA:34,0
DA:41,0
DA:42,0
DA:54,0
DA:56,0
DA:65,0
DA:66,0
DA:78,0
DA:80,0
DA:81,0
DA:83,0
DA:84,0
DA:85,0
DA:90,0
DA:91,0
DA:100,0
DA:102,0
DA:103,0
DA:104,0
DA:107,0
LF:31
LH:0
end_of_record
SF:lib/widgets/advanced_ui/achievement_celebration.dart
DA:10,0
DA:20,0
DA:21,0
DA:37,0
DA:39,0
DA:41,0
DA:42,0
DA:46,0
DA:51,0
DA:56,0
DA:59,0
DA:60,0
DA:64,0
DA:67,0
DA:68,0
DA:72,0
DA:75,0
DA:76,0
DA:80,0
DA:81,0
DA:84,0
DA:85,0
DA:86,0
DA:87,0
DA:88,0
DA:89,0
DA:90,0
DA:91,0
DA:92,0
DA:93,0
DA:94,0
DA:95,0
DA:100,0
DA:101,0
DA:104,0
DA:112,0
DA:113,0
DA:114,0
DA:115,0
DA:116,0
DA:117,0
DA:119,0
DA:120,0
DA:121,0
DA:126,0
DA:128,0
DA:129,0
DA:131,0
DA:133,0
DA:134,0
DA:135,0
DA:137,0
DA:138,0
DA:139,0
DA:140,0
DA:142,0
DA:143,0
DA:144,0
DA:145,0
DA:148,0
DA:149,0
DA:150,0
DA:151,0
DA:152,0
DA:153,0
DA:154,0
DA:158,0
DA:159,0
DA:160,0
DA:162,0
DA:163,0
DA:165,0
DA:166,0
DA:167,0
DA:183,0
DA:184,0
DA:187,0
DA:188,0
DA:189,0
DA:190,0
DA:192,0
DA:197,0
DA:198,0
DA:199,0
DA:200,0
DA:206,0
DA:208,0
DA:209,0
DA:211,0
DA:214,0
DA:219,0
DA:221,0
DA:222,0
DA:231,0
DA:232,0
DA:240,0
DA:242,0
DA:244,0
DA:246,0
DA:248,0
DA:251,0
DA:252,0
DA:267,0
DA:268,0
DA:271,0
DA:273,0
DA:274,0
DA:275,0
DA:276,0
DA:277,0
DA:282,0
DA:283,0
DA:284,0
DA:291,0
DA:292,0
DA:293,0
DA:301,0
DA:302,0
DA:303,0
DA:304,0
DA:305,0
DA:306,0
DA:307,0
DA:308,0
DA:309,0
DA:310,0
DA:311,0
DA:312,0
DA:313,0
DA:314,0
DA:319,0
DA:321,0
DA:322,0
DA:323,0
DA:324,0
DA:330,0
DA:352,0
DA:359,0
DA:361,0
DA:362,0
DA:363,0
DA:364,0
DA:366,0
DA:368,0
DA:369,0
DA:371,0
DA:372,0
DA:373,0
DA:375,0
DA:376,0
DA:377,0
DA:379,0
DA:381,0
DA:382,0
DA:384,0
DA:385,0
DA:386,0
DA:388,0
DA:389,0
DA:394,0
DA:395,0
DA:396,0
DA:397,0
DA:398,0
DA:399,0
DA:400,0
DA:404,0
DA:408,0
DA:410,0
DA:417,0
DA:427,0
DA:428,0
DA:439,0
DA:441,0
DA:443,0
DA:448,0
DA:451,0
DA:452,0
DA:456,0
DA:458,0
DA:459,0
DA:460,0
DA:464,0
DA:467,0
DA:468,0
DA:472,0
DA:473,0
DA:477,0
DA:479,0
DA:480,0
DA:481,0
DA:482,0
DA:483,0
DA:484,0
DA:485,0
DA:486,0
DA:487,0
DA:488,0
DA:490,0
DA:494,0
DA:495,0
DA:496,0
DA:497,0
DA:503,0
DA:505,0
DA:508,0
DA:509,0
DA:526,0
DA:528,0
DA:529,0
LF:210
LH:0
end_of_record
SF:lib/screens/auth_screen.dart
DA:10,6
DA:12,0
DA:13,0
DA:19,0
DA:22,0
DA:30,0
DA:31,0
DA:32,0
DA:36,0
DA:37,0
DA:41,0
DA:43,0
DA:45,0
DA:46,0
DA:47,0
DA:48,0
DA:55,0
DA:56,0
DA:57,0
DA:61,0
DA:62,0
DA:63,0
DA:68,0
DA:69,0
DA:71,0
DA:72,0
DA:79,0
DA:81,0
DA:82,0
DA:83,0
DA:84,0
DA:87,0
DA:89,0
DA:91,0
DA:96,0
DA:97,0
DA:99,0
DA:101,0
DA:103,0
DA:106,0
DA:108,0
DA:158,0
DA:159,0
DA:160,0
DA:161,0
DA:168,0
DA:169,0
DA:176,0
DA:177,0
DA:187,0
DA:189,0
DA:192,0
DA:193,0
DA:194,0
DA:197,0
DA:220,0
DA:223,0
DA:224,0
DA:226,0
DA:227,0
DA:251,0
DA:254,0
DA:255,0
DA:275,0
DA:284,0
DA:287,0
DA:289,0
DA:290,0
DA:292,0
DA:293,0
DA:295,0
DA:296,0
DA:298,0
DA:300,0
DA:301,0
DA:302,0
DA:303,0
DA:310,0
DA:311,0
DA:314,0
DA:315,0
DA:317,0
DA:318,0
DA:320,0
DA:327,0
DA:329,0
DA:331,0
DA:337,0
DA:340,0
DA:350,0
DA:351,0
DA:354,0
DA:355,0
DA:356,0
DA:357,0
DA:358,0
DA:361,0
DA:363,0
DA:364,0
DA:370,0
DA:379,0
DA:380,0
DA:381,0
LF:103
LH:1
end_of_record
SF:lib/services/google_drive_service.dart
DA:14,0
DA:26,0
DA:28,0
DA:29,0
DA:30,0
DA:32,0
DA:35,0
DA:41,0
DA:43,0
DA:45,0
DA:46,0
DA:50,0
DA:51,0
DA:53,0
DA:54,0
DA:55,0
DA:56,0
DA:57,0
DA:62,0
DA:63,0
DA:64,0
DA:65,0
DA:66,0
DA:67,0
DA:72,0
DA:73,0
DA:79,0
DA:81,0
DA:82,0
DA:83,0
DA:84,0
DA:85,0
DA:87,0
DA:93,0
DA:99,0
DA:101,0
DA:102,0
DA:104,0
DA:110,0
DA:111,0
DA:115,0
DA:116,0
DA:118,0
DA:121,0
DA:122,0
DA:123,0
DA:127,0
DA:131,0
DA:138,0
DA:139,0
DA:142,0
DA:143,0
DA:144,0
DA:147,0
DA:148,0
DA:149,0
DA:152,0
DA:156,0
DA:158,0
DA:162,0
DA:164,0
DA:166,0
DA:172,0
DA:174,0
DA:175,0
DA:178,0
DA:180,0
DA:184,0
DA:185,0
DA:186,0
DA:189,0
DA:191,0
DA:197,0
DA:199,0
DA:200,0
DA:202,0
DA:203,0
DA:204,0
DA:206,0
DA:207,0
DA:209,0
DA:215,0
DA:217,0
DA:218,0
DA:222,0
DA:224,0
DA:225,0
DA:226,0
DA:230,0
DA:236,0
DA:239,0
DA:243,0
DA:245,0
DA:249,0
DA:252,0
DA:259,0
DA:265,0
DA:267,0
DA:268,0
DA:270,0
DA:276,0
DA:278,0
DA:279,0
DA:284,0
DA:287,0
DA:292,0
DA:293,0
DA:295,0
DA:296,0
DA:300,0
DA:301,0
DA:302,0
DA:303,0
DA:305,0
DA:307,0
DA:316,0
DA:320,0
DA:322,0
DA:323,0
DA:326,0
DA:328,0
LF:121
LH:0
end_of_record
SF:lib/widgets/navigation_wrapper.dart
DA:27,12
DA:35,0
DA:36,0
DA:46,0
DA:48,0
DA:49,0
DA:52,0
DA:54,0
DA:55,0
DA:58,0
DA:59,0
DA:60,0
DA:64,0
DA:71,0
DA:72,0
DA:73,0
DA:77,0
DA:78,0
DA:79,0
DA:87,0
DA:88,0
DA:118,0
DA:119,0
DA:120,0
DA:121,0
DA:122,0
DA:123,0
DA:125,0
DA:128,0
DA:129,0
DA:130,0
DA:131,0
DA:132,0
DA:133,0
DA:135,0
DA:139,0
DA:140,0
DA:143,0
DA:144,0
DA:145,0
DA:150,0
DA:151,0
DA:152,0
DA:159,0
DA:161,0
DA:163,0
DA:166,0
DA:167,0
DA:168,0
DA:173,0
DA:180,0
DA:181,0
DA:182,0
DA:186,0
DA:193,0
DA:194,0
DA:195,0
DA:205,0
DA:207,0
DA:211,0
DA:212,0
DA:213,0
DA:221,0
DA:229,0
DA:231,0
DA:234,0
DA:243,0
DA:244,0
DA:247,0
DA:248,0
DA:249,0
DA:250,0
DA:257,0
DA:259,0
DA:266,0
DA:267,0
DA:272,0
DA:277,0
DA:284,0
DA:285,0
DA:288,0
DA:289,0
DA:290,0
DA:291,0
DA:298,0
DA:302,0
DA:303,0
DA:304,0
DA:305,0
DA:306,0
DA:307,0
DA:312,0
DA:316,0
DA:317,0
DA:318,0
DA:319,0
DA:320,0
DA:321,0
DA:322,0
DA:326,0
DA:329,0
DA:333,0
DA:334,0
DA:335,0
DA:336,0
DA:343,0
DA:344,0
DA:346,0
DA:347,0
DA:349,0
DA:350,0
DA:354,0
DA:363,0
DA:365,0
DA:366,0
DA:367,0
DA:369,0
DA:370,0
DA:373,0
DA:374,0
DA:375,0
DA:380,0
DA:381,0
DA:387,0
DA:393,0
DA:395,0
DA:396,0
DA:397,0
DA:398,0
DA:399,0
DA:400,0
DA:401,0
DA:403,0
DA:404,0
DA:405,0
DA:406,0
DA:407,0
DA:412,0
DA:413,0
DA:416,0
DA:418,0
DA:419,0
DA:420,0
DA:421,0
DA:422,0
DA:423,0
DA:425,0
DA:427,0
DA:428,0
DA:429,0
DA:430,0
DA:431,0
DA:436,0
DA:437,0
DA:443,0
DA:444,0
DA:445,0
DA:446,0
DA:447,0
DA:448,0
DA:449,0
DA:451,0
DA:452,0
DA:456,0
DA:458,0
DA:459,0
DA:460,0
DA:461,0
DA:463,0
DA:464,0
DA:465,0
DA:466,0
DA:468,0
DA:476,0
DA:477,0
DA:479,0
DA:491,0
DA:499,0
DA:500,0
DA:506,0
DA:507,0
DA:508,0
DA:512,0
DA:513,0
DA:514,0
DA:523,0
DA:524,0
DA:558,0
DA:559,0
DA:560,0
DA:562,0
DA:563,0
DA:564,0
DA:568,0
DA:569,0
DA:573,0
DA:574,0
DA:581,0
DA:583,0
DA:584,0
DA:585,0
DA:586,0
DA:588,0
DA:589,0
DA:592,0
DA:593,0
DA:594,0
DA:595,0
DA:596,0
LF:209
LH:1
end_of_record
SF:lib/widgets/global_menu_wrapper.dart
DA:5,6
DA:8,0
DA:10,0
DA:11,0
DA:12,0
LF:5
LH:1
end_of_record
SF:lib/screens/classification_details_screen.dart
DA:10,0
DA:13,0
DA:14,0
DA:34,0
DA:36,0
DA:37,0
DA:41,0
DA:44,0
DA:45,0
DA:50,0
DA:52,0
DA:53,0
DA:56,0
DA:58,0
DA:60,0
DA:61,0
DA:62,0
DA:65,0
DA:66,0
DA:67,0
DA:68,0
DA:69,0
DA:70,0
DA:71,0
DA:72,0
DA:73,0
DA:75,0
DA:76,0
DA:77,0
DA:78,0
DA:81,0
DA:88,0
DA:90,0
DA:92,0
DA:94,0
DA:95,0
DA:97,0
DA:98,0
DA:99,0
DA:100,0
DA:105,0
DA:106,0
DA:107,0
DA:111,0
DA:113,0
DA:114,0
DA:115,0
DA:120,0
DA:122,0
DA:123,0
DA:124,0
DA:125,0
DA:126,0
DA:127,0
DA:128,0
DA:134,0
DA:135,0
DA:136,0
DA:137,0
DA:138,0
DA:139,0
DA:140,0
DA:141,0
DA:142,0
DA:143,0
DA:156,0
DA:157,0
DA:158,0
DA:161,0
DA:162,0
DA:163,0
DA:169,0
DA:170,0
DA:171,0
DA:174,0
DA:175,0
DA:176,0
DA:188,0
DA:192,0
DA:199,0
DA:200,0
DA:201,0
DA:203,0
DA:205,0
DA:207,0
DA:208,0
DA:211,0
DA:213,0
DA:222,0
DA:223,0
DA:225,0
DA:227,0
DA:228,0
DA:229,0
DA:230,0
DA:231,0
DA:232,0
DA:237,0
DA:238,0
DA:239,0
DA:240,0
DA:242,0
DA:244,0
DA:245,0
DA:246,0
DA:254,0
DA:255,0
DA:256,0
DA:257,0
DA:258,0
DA:260,0
DA:261,0
DA:262,0
DA:268,0
DA:270,0
DA:271,0
DA:272,0
DA:279,0
DA:280,0
DA:281,0
DA:290,0
DA:291,0
DA:293,0
DA:294,0
DA:301,0
DA:303,0
DA:313,0
DA:317,0
DA:319,0
DA:320,0
DA:321,0
DA:322,0
DA:324,0
DA:325,0
DA:326,0
DA:333,0
DA:335,0
DA:336,0
DA:337,0
DA:345,0
DA:346,0
DA:347,0
DA:348,0
DA:349,0
DA:352,0
DA:357,0
DA:358,0
DA:359,0
DA:360,0
DA:362,0
DA:364,0
DA:366,0
DA:367,0
DA:368,0
DA:372,0
DA:373,0
DA:374,0
DA:375,0
DA:391,0
DA:392,0
DA:393,0
DA:395,0
DA:397,0
DA:399,0
DA:400,0
DA:403,0
DA:405,0
DA:413,0
DA:414,0
DA:415,0
DA:416,0
DA:417,0
DA:418,0
DA:420,0
DA:421,0
DA:422,0
DA:424,0
DA:425,0
DA:427,0
DA:428,0
DA:430,0
DA:432,0
DA:433,0
DA:434,0
DA:436,0
DA:437,0
DA:438,0
DA:444,0
DA:446,0
DA:447,0
DA:448,0
DA:455,0
DA:456,0
DA:457,0
DA:459,0
DA:460,0
DA:461,0
DA:462,0
DA:463,0
DA:464,0
DA:469,0
DA:470,0
DA:471,0
DA:478,0
DA:479,0
DA:480,0
DA:489,0
DA:491,0
DA:495,0
DA:498,0
DA:499,0
DA:501,0
DA:502,0
DA:509,0
DA:511,0
DA:524,0
DA:525,0
DA:526,0
DA:530,0
DA:531,0
DA:534,0
DA:535,0
DA:536,0
DA:538,0
DA:544,0
DA:545,0
DA:546,0
DA:549,0
DA:550,0
DA:551,0
DA:553,0
DA:554,0
DA:555,0
DA:556,0
DA:557,0
DA:558,0
DA:559,0
DA:560,0
DA:561,0
DA:562,0
DA:568,0
DA:570,0
DA:572,0
DA:574,0
DA:576,0
DA:578,0
DA:580,0
DA:585,0
DA:587,0
DA:589,0
DA:591,0
DA:593,0
DA:595,0
DA:597,0
LF:254
LH:0
end_of_record
SF:lib/utils/image_utils.dart
DA:24,1
DA:30,1
DA:39,1
DA:43,0
DA:48,0
DA:52,0
DA:53,0
DA:56,0
DA:57,0
DA:58,0
DA:59,0
DA:60,0
DA:61,0
DA:68,1
DA:71,1
DA:73,0
DA:77,1
DA:80,1
DA:84,1
DA:86,3
DA:87,3
DA:88,1
DA:90,1
DA:91,2
DA:92,2
DA:97,4
DA:102,2
DA:103,2
DA:109,2
DA:110,3
DA:111,2
DA:112,2
DA:113,1
DA:117,1
DA:119,3
DA:121,3
DA:139,1
DA:147,1
DA:149,1
DA:159,1
DA:163,2
DA:165,0
DA:169,1
DA:171,1
DA:172,1
DA:178,2
DA:183,1
DA:184,1
DA:187,2
DA:189,3
DA:191,1
DA:204,1
DA:210,1
DA:216,4
DA:217,4
DA:218,4
DA:219,4
DA:222,1
DA:223,1
DA:224,1
DA:225,1
DA:226,3
DA:227,3
DA:232,1
DA:241,2
DA:243,3
DA:250,1
DA:252,1
DA:253,1
DA:254,3
DA:255,2
DA:259,3
DA:272,0
DA:281,0
DA:284,0
DA:285,0
DA:286,0
DA:296,0
DA:299,0
DA:300,0
DA:301,0
DA:310,0
DA:311,0
DA:316,0
DA:320,0
DA:325,0
DA:326,0
DA:331,0
DA:337,0
DA:338,0
DA:341,0
DA:342,0
DA:343,0
DA:348,0
DA:361,0
DA:371,0
DA:372,0
DA:373,0
DA:374,0
DA:378,0
DA:379,0
DA:382,0
DA:383,0
DA:384,0
DA:388,0
DA:393,0
DA:395,0
DA:401,0
DA:410,0
DA:412,0
DA:415,0
DA:416,0
DA:423,0
DA:424,0
DA:427,0
DA:428,0
DA:436,0
DA:438,0
DA:439,0
DA:440,0
DA:441,0
DA:442,0
DA:446,0
DA:447,0
DA:448,0
DA:458,1
DA:475,2
DA:483,1
DA:484,1
DA:485,1
DA:486,1
DA:487,1
DA:488,1
DA:493,1
DA:494,1
DA:507,1
DA:508,5
LF:137
LH:72
end_of_record
SF:lib/screens/community_screen.dart
DA:11,6
DA:14,0
DA:15,0
DA:24,0
DA:26,0
DA:27,0
DA:28,0
DA:31,0
DA:33,0
DA:34,0
DA:37,0
DA:39,0
DA:40,0
DA:41,0
DA:43,0
DA:46,0
DA:47,0
DA:49,0
DA:50,0
DA:52,0
DA:53,0
DA:54,0
DA:55,0
DA:56,0
DA:60,0
DA:61,0
DA:62,0
DA:63,0
DA:69,0
DA:71,0
DA:72,0
DA:74,0
DA:75,0
DA:83,0
DA:85,0
DA:86,0
DA:87,0
DA:88,0
DA:89,0
DA:90,0
DA:96,0
DA:97,0
DA:129,0
DA:130,0
DA:131,0
DA:138,0
DA:139,0
DA:140,0
DA:141,0
DA:147,0
DA:148,0
DA:150,0
DA:152,0
DA:153,0
DA:154,0
DA:155,0
DA:157,0
DA:158,0
DA:159,0
DA:165,0
DA:166,0
DA:168,0
DA:169,0
DA:170,0
DA:176,0
DA:177,0
DA:178,0
DA:179,0
DA:186,0
DA:187,0
DA:190,0
DA:191,0
DA:192,0
DA:193,0
DA:194,0
DA:199,0
DA:201,0
DA:206,0
DA:207,0
DA:208,0
DA:210,0
DA:211,0
DA:230,0
DA:231,0
DA:237,0
DA:244,0
DA:246,0
DA:248,0
DA:250,0
DA:252,0
DA:253,0
DA:255,0
DA:258,0
DA:259,0
DA:260,0
DA:266,0
DA:267,0
DA:268,0
DA:270,0
DA:272,0
DA:273,0
DA:275,0
DA:281,0
DA:282,0
DA:293,0
DA:294,0
DA:296,0
DA:298,0
DA:299,0
DA:300,0
DA:312,0
LF:111
LH:1
end_of_record
SF:lib/screens/content_detail_screen.dart
DA:11,0
DA:18,0
DA:19,0
DA:23,0
DA:25,0
DA:27,0
DA:28,0
DA:30,0
DA:34,0
DA:37,0
DA:38,0
DA:39,0
DA:42,0
DA:44,0
DA:45,0
DA:48,0
DA:49,0
DA:58,0
DA:59,0
DA:60,0
DA:61,0
DA:64,0
DA:68,0
DA:69,0
DA:70,0
DA:71,0
DA:72,0
DA:73,0
DA:74,0
DA:75,0
DA:76,0
DA:77,0
DA:78,0
DA:79,0
DA:80,0
DA:81,0
DA:85,0
DA:86,0
DA:88,0
DA:90,0
DA:91,0
DA:92,0
DA:94,0
DA:95,0
DA:96,0
DA:98,0
DA:101,0
DA:105,0
DA:106,0
DA:114,0
DA:115,0
DA:116,0
DA:118,0
DA:121,0
DA:122,0
DA:131,0
DA:133,0
DA:136,0
DA:137,0
DA:148,0
DA:151,0
DA:152,0
DA:153,0
DA:158,0
DA:159,0
DA:161,0
DA:162,0
DA:164,0
DA:166,0
DA:173,0
DA:176,0
DA:177,0
DA:178,0
DA:184,0
DA:185,0
DA:194,0
DA:197,0
DA:198,0
DA:203,0
DA:204,0
DA:206,0
DA:208,0
DA:209,0
DA:210,0
DA:212,0
DA:216,0
DA:224,0
DA:225,0
DA:227,0
DA:229,0
DA:230,0
DA:231,0
DA:233,0
DA:234,0
DA:236,0
DA:238,0
DA:248,0
DA:249,0
DA:250,0
DA:257,0
DA:258,0
DA:259,0
DA:260,0
DA:262,0
DA:265,0
DA:266,0
DA:275,0
DA:277,0
DA:280,0
DA:281,0
DA:291,0
DA:292,0
DA:295,0
DA:296,0
DA:297,0
DA:302,0
DA:303,0
DA:305,0
DA:306,0
DA:308,0
DA:310,0
DA:317,0
DA:319,0
DA:320,0
DA:327,0
DA:328,0
DA:329,0
DA:335,0
DA:336,0
DA:343,0
DA:344,0
DA:345,0
DA:346,0
DA:349,0
DA:357,0
DA:358,0
DA:360,0
DA:362,0
DA:363,0
DA:364,0
DA:365,0
DA:367,0
DA:369,0
DA:370,0
DA:371,0
DA:372,0
DA:373,0
DA:378,0
DA:379,0
DA:380,0
DA:385,0
DA:386,0
DA:388,0
DA:389,0
DA:390,0
DA:392,0
DA:395,0
DA:398,0
DA:399,0
DA:400,0
DA:407,0
DA:408,0
DA:409,0
DA:410,0
DA:412,0
DA:415,0
DA:416,0
DA:425,0
DA:427,0
DA:430,0
DA:431,0
DA:441,0
DA:442,0
DA:445,0
DA:446,0
DA:447,0
DA:452,0
DA:453,0
DA:455,0
DA:456,0
DA:458,0
DA:460,0
DA:467,0
DA:469,0
DA:470,0
DA:471,0
DA:483,0
DA:484,0
DA:485,0
DA:488,0
DA:489,0
DA:491,0
DA:492,0
DA:498,0
DA:509,0
DA:510,0
DA:512,0
DA:514,0
DA:515,0
DA:516,0
DA:524,0
DA:525,0
DA:526,0
DA:528,0
DA:531,0
DA:532,0
DA:541,0
DA:543,0
DA:546,0
DA:547,0
DA:558,0
DA:561,0
DA:562,0
DA:563,0
DA:568,0
DA:569,0
DA:571,0
DA:572,0
DA:574,0
DA:576,0
DA:583,0
DA:586,0
DA:587,0
DA:588,0
DA:589,0
DA:590,0
DA:591,0
DA:592,0
DA:593,0
DA:594,0
DA:597,0
DA:600,0
DA:601,0
DA:612,0
DA:613,0
DA:615,0
DA:616,0
DA:618,0
DA:625,0
DA:626,0
DA:635,0
DA:636,0
DA:650,0
DA:651,0
DA:652,0
DA:653,0
DA:654,0
DA:655,0
DA:656,0
DA:657,0
DA:663,0
DA:666,0
DA:667,0
DA:676,0
DA:678,0
DA:681,0
DA:684,0
DA:685,0
DA:687,0
DA:688,0
DA:689,0
DA:690,0
DA:691,0
DA:693,0
DA:694,0
DA:695,0
DA:696,0
DA:697,0
DA:701,0
DA:702,0
DA:703,0
DA:704,0
DA:705,0
DA:709,0
DA:710,0
DA:711,0
DA:712,0
DA:717,0
DA:719,0
DA:720,0
DA:723,0
DA:725,0
DA:726,0
DA:727,0
DA:730,0
DA:732,0
DA:733,0
DA:740,0
DA:741,0
DA:742,0
DA:749,0
DA:750,0
DA:751,0
DA:753,0
DA:754,0
DA:755,0
DA:756,0
DA:764,0
DA:768,0
DA:770,0
DA:771,0
DA:772,0
DA:773,0
DA:774,0
DA:775,0
DA:778,0
DA:780,0
DA:792,0
DA:793,0
DA:794,0
DA:795,0
DA:797,0
LF:312
LH:0
end_of_record
SF:lib/services/educational_content_service.dart
DA:7,1
DA:8,1
DA:9,1
DA:21,1
DA:22,3
DA:23,1
DA:29,1
DA:33,1
DA:39,2
DA:43,1
DA:49,2
DA:53,1
DA:59,2
DA:63,1
DA:69,2
DA:73,1
DA:79,2
DA:83,1
DA:89,2
DA:93,1
DA:99,2
DA:107,1
DA:109,2
DA:110,1
DA:118,1
DA:121,1
DA:125,2
DA:126,1
DA:134,1
DA:137,1
DA:141,2
DA:142,1
DA:150,1
DA:153,1
DA:158,2
DA:159,1
DA:166,1
DA:169,1
DA:173,2
DA:174,1
DA:181,1
DA:184,1
DA:189,2
DA:190,1
DA:197,1
DA:200,1
DA:204,2
DA:205,1
DA:212,1
DA:215,1
DA:220,2
DA:221,1
DA:227,1
DA:254,1
DA:257,1
DA:261,2
DA:262,1
DA:268,1
DA:282,1
DA:285,1
DA:290,2
DA:291,1
DA:297,1
DA:314,1
DA:317,1
DA:321,2
DA:322,1
DA:328,1
DA:345,1
DA:348,1
DA:353,2
DA:354,1
DA:360,1
DA:361,1
DA:365,2
DA:366,1
DA:372,1
DA:373,1
DA:378,2
DA:379,1
DA:387,1
DA:390,1
DA:394,2
DA:395,1
DA:402,1
DA:405,1
DA:411,1
DA:412,2
DA:413,0
DA:419,0
DA:423,2
DA:424,2
DA:428,1
DA:429,1
DA:430,4
DA:431,2
DA:435,1
[...]
DA:92,0
DA:93,0
DA:94,0
DA:100,0
DA:109,0
DA:110,0
DA:111,0
DA:115,0
DA:117,0
DA:121,0
DA:123,0
DA:124,0
DA:125,0
DA:126,0
DA:128,0
DA:136,0
DA:144,0
DA:145,0
DA:148,0
DA:149,0
DA:152,0
DA:153,0
DA:155,0
DA:157,0
DA:158,0
DA:161,0
DA:164,0
DA:165,0
DA:166,0
DA:172,0
DA:174,0
DA:176,0
DA:188,0
DA:196,0
DA:197,0
DA:198,0
DA:199,0
DA:201,0
DA:206,0
DA:208,0
DA:209,0
DA:210,0
DA:211,0
DA:217,0
DA:226,0
DA:232,0
DA:234,0
DA:237,0
DA:238,0
DA:241,0
DA:244,0
DA:245,0
DA:246,0
DA:249,0
DA:252,0
DA:253,0
DA:265,0
DA:272,0
DA:274,0
DA:275,0
DA:276,0
DA:278,0
DA:282,0
DA:283,0
DA:284,0
DA:288,0
DA:290,0
DA:291,0
DA:292,0
DA:293,0
DA:294,0
DA:305,0
DA:310,0
DA:311,0
DA:312,0
DA:314,0
DA:315,0
DA:316,0
DA:317,0
DA:318,0
LF:103
LH:0
end_of_record
SF:lib/widgets/global_settings_menu.dart
DA:9,6
DA:11,0
DA:13,0
DA:14,0
DA:15,0
DA:17,0
DA:19,0
DA:20,0
DA:23,0
DA:25,0
DA:27,0
DA:29,0
DA:33,0
DA:35,0
DA:37,0
DA:41,0
DA:42,0
DA:44,0
DA:45,0
DA:47,0
DA:48,0
DA:52,0
DA:109,0
DA:110,0
DA:112,0
DA:128,0
DA:129,0
DA:130,0
DA:133,0
DA:134,0
DA:135,0
DA:136,0
DA:137,0
DA:139,0
DA:150,0
DA:151,0
DA:153,0
DA:155,0
DA:158,0
DA:161,0
DA:162,0
DA:163,0
DA:164,0
DA:165,0
DA:170,0
DA:171,0
DA:172,0
LF:47
LH:1
end_of_record
SF:lib/widgets/platform_camera.dart
DA:10,0
DA:14,0
DA:21,0
DA:23,0
DA:25,0
DA:26,0
DA:28,0
DA:29,0
DA:30,0
DA:31,0
DA:32,0
DA:33,0
DA:40,0
DA:49,0
DA:51,0
DA:54,0
DA:62,0
DA:65,0
DA:66,0
DA:67,0
DA:68,0
DA:69,0
DA:72,0
DA:79,0
DA:83,0
DA:89,0
DA:92,0
DA:96,0
DA:103,0
DA:105,0
DA:106,0
DA:109,0
LF:32
LH:0
end_of_record
SF:lib/widgets/responsive_text.dart
DA:8,0
DA:23,0
DA:37,0
DA:51,0
DA:74,0
DA:76,0
DA:77,0
DA:78,0
DA:79,0
DA:80,0
DA:81,0
DA:82,0
DA:83,0
DA:84,0
DA:85,0
DA:86,0
DA:89,0
DA:90,0
DA:91,0
DA:92,0
DA:93,0
DA:94,0
DA:95,0
DA:105,1
DA:119,1
DA:121,1
DA:122,3
DA:123,1
DA:127,1
DA:128,3
DA:130,1
DA:131,1
DA:133,1
DA:134,1
DA:138,2
DA:141,4
DA:142,1
DA:145,1
DA:147,1
DA:153,1
DA:156,1
DA:167,14
DA:175,1
DA:177,1
DA:178,1
DA:180,2
DA:181,0
DA:182,0
DA:183,0
DA:192,1
DA:193,1
DA:194,1
DA:204,0
DA:206,0
DA:207,0
DA:208,0
DA:210,0
LF:57
LH:26
end_of_record
SF:lib/models/leaderboard.dart
DA:53,1
DA:69,1
DA:70,1
DA:71,1
DA:72,1
DA:73,1
DA:74,1
DA:75,1
DA:76,1
DA:77,3
DA:78,1
DA:79,3
DA:80,1
DA:81,1
DA:82,1
DA:83,2
DA:85,1
DA:86,1
DA:87,1
DA:127,1
DA:141,1
DA:142,1
DA:143,0
DA:144,1
DA:145,0
DA:146,0
DA:147,1
DA:148,1
DA:149,1
DA:150,1
DA:151,0
DA:152,1
DA:153,1
DA:158,1
DA:159,1
DA:160,1
DA:161,1
DA:162,1
DA:163,1
DA:164,1
DA:165,1
DA:166,1
DA:167,5
DA:168,2
DA:169,1
DA:170,1
DA:171,1
DA:176,1
DA:177,1
DA:178,3
DA:182,1
DA:183,4
DA:184,5
DA:185,2
DA:192,1
DA:204,1
DA:205,1
DA:206,1
DA:207,6
DA:208,1
DA:210,1
DA:211,6
DA:212,1
DA:214,1
DA:215,3
DA:216,1
DA:217,2
DA:218,2
DA:219,1
DA:220,2
DA:222,1
DA:223,1
DA:251,1
DA:261,1
DA:262,0
DA:263,1
DA:264,0
DA:265,1
DA:266,1
DA:267,1
DA:268,0
DA:269,0
DA:274,1
DA:275,1
DA:276,4
DA:277,4
DA:278,5
DA:279,2
DA:280,2
DA:281,2
DA:282,1
DA:283,1
DA:288,1
DA:289,3
DA:293,1
DA:295,5
DA:302,1
DA:303,1
DA:304,7
DA:305,1
DA:309,1
DA:310,3
DA:311,4
DA:318,1
DA:331,1
DA:332,1
DA:333,1
DA:334,1
DA:335,2
DA:336,2
DA:337,1
DA:338,1
DA:339,3
DA:340,1
DA:341,1
DA:342,1
DA:343,1
DA:344,1
DA:375,1
DA:376,1
DA:377,1
DA:378,1
DA:379,2
DA:380,2
DA:381,1
DA:382,5
DA:383,1
DA:384,1
DA:385,1
DA:390,1
DA:391,1
DA:392,1
DA:393,2
DA:394,2
DA:398,1
DA:399,1
DA:400,2
DA:401,2
DA:408,1
DA:420,1
DA:421,1
DA:422,1
DA:423,1
DA:424,1
DA:425,2
DA:426,1
DA:427,1
DA:428,2
DA:429,1
DA:457,1
DA:458,1
DA:459,1
DA:460,1
DA:461,1
DA:462,1
DA:463,1
DA:464,1
DA:465,1
DA:466,1
DA:474,1
DA:484,1
DA:485,1
DA:486,1
DA:487,1
DA:488,1
DA:489,1
DA:490,1
DA:491,6
DA:492,1
DA:494,1
DA:516,1
DA:517,1
DA:518,1
DA:519,1
DA:520,1
DA:521,1
DA:522,4
DA:523,1
LF:178
LH:170
end_of_record
SF:lib/models/disposal_location.dart
DA:9,1
DA:11,1
DA:13,1
DA:15,1
DA:20,1
DA:22,1
DA:24,1
DA:26,1
DA:35,1
DA:42,1
DA:43,1
DA:44,1
DA:45,1
DA:46,1
DA:47,1
DA:55,1
DA:56,1
DA:57,1
DA:58,1
DA:59,1
DA:60,1
DA:64,1
DA:70,1
DA:71,1
DA:72,0
DA:73,0
DA:74,1
DA:81,1
DA:96,1
DA:97,1
DA:99,1
DA:100,1
DA:101,1
DA:102,2
DA:103,2
DA:104,4
DA:105,1
DA:106,3
DA:107,1
DA:108,1
DA:109,1
DA:110,2
DA:111,1
DA:127,1
DA:128,1
DA:129,1
DA:130,1
DA:131,1
DA:132,1
DA:133,1
DA:134,1
DA:135,5
DA:136,1
DA:137,1
DA:138,2
DA:139,1
DA:143,1
DA:157,1
DA:158,1
DA:159,1
DA:160,1
DA:161,1
DA:162,1
DA:163,1
DA:164,1
DA:165,1
DA:166,1
DA:167,1
DA:168,1
DA:169,1
LF:70
LH:68
end_of_record
SF:lib/models/ai_discovery_content.dart
DA:61,2
DA:63,1
DA:64,1
DA:65,1
DA:70,3
DA:72,3
DA:77,2
DA:79,1
DA:80,1
DA:81,1
DA:82,2
DA:88,0
DA:90,5
DA:95,0
DA:97,0
DA:98,0
DA:99,0
DA:100,0
DA:106,0
DA:108,0
DA:113,0
DA:115,0
DA:116,0
DA:117,0
DA:118,0
DA:124,0
DA:126,0
DA:131,0
DA:137,0
DA:138,0
DA:139,0
DA:140,0
DA:141,0
DA:148,0
DA:149,0
DA:150,0
DA:151,0
DA:154,0
DA:159,1
DA:164,0
DA:165,0
DA:166,0
DA:167,0
DA:173,0
DA:174,0
DA:175,0
DA:178,7
DA:183,1
DA:191,0
DA:192,0
DA:193,0
DA:194,0
DA:195,0
DA:196,0
DA:197,0
DA:206,0
DA:207,0
DA:208,0
DA:209,0
DA:210,0
DA:211,0
DA:214,1
DA:215,4
DA:216,2
DA:222,3
DA:228,1
DA:229,3
DA:230,1
DA:231,2
DA:238,1
DA:239,2
DA:240,3
DA:241,1
DA:247,1
DA:248,1
DA:249,3
DA:255,2
DA:260,1
DA:262,1
DA:263,1
DA:264,1
DA:266,1
DA:268,2
DA:276,4
DA:277,3
DA:278,0
DA:279,0
DA:280,0
DA:281,0
DA:282,0
DA:283,0
DA:284,0
DA:285,0
DA:288,1
DA:289,2
DA:291,1
DA:292,2
DA:294,0
DA:295,0
DA:297,0
DA:298,0
DA:300,0
DA:301,0
DA:303,0
DA:304,0
DA:306,0
DA:307,0
DA:309,2
DA:310,2
DA:311,1
DA:318,1
DA:320,1
DA:321,1
DA:322,2
DA:323,0
DA:324,0
DA:325,0
DA:326,0
DA:327,0
DA:328,0
DA:329,0
DA:330,0
DA:331,0
DA:332,0
DA:333,0
DA:334,0
DA:341,0
DA:345,0
DA:346,0
DA:347,0
DA:354,2
DA:367,1
DA:369,1
DA:370,1
DA:371,1
DA:373,1
DA:374,1
DA:375,1
DA:377,1
DA:378,1
DA:379,1
DA:380,1
DA:381,1
DA:382,1
DA:383,3
DA:384,1
DA:385,2
DA:386,1
DA:387,0
DA:388,0
DA:389,1
DA:404,2
DA:405,1
DA:406,1
DA:407,2
DA:408,3
DA:409,1
DA:410,1
DA:411,1
DA:412,1
DA:413,1
DA:414,2
DA:415,1
DA:423,1
DA:426,4
DA:427,2
DA:430,4
DA:435,1
DA:436,0
DA:452,1
DA:454,5
DA:455,2
DA:456,4
DA:466,1
DA:467,2
DA:470,0
DA:482,0
DA:483,0
DA:484,0
DA:485,0
DA:486,0
DA:487,0
DA:488,0
DA:489,0
DA:490,0
DA:491,0
DA:492,0
DA:499,2
DA:511,1
DA:512,1
DA:513,1
DA:514,1
DA:515,1
DA:516,2
DA:517,1
DA:518,1
DA:519,2
DA:520,1
DA:521,1
DA:538,1
DA:539,2
DA:545,1
DA:546,2
DA:553,1
DA:554,2
DA:555,2
DA:556,2
DA:563,1
DA:565,6
DA:568,4
DA:569,2
DA:581,1
DA:582,2
DA:583,2
DA:586,2
DA:587,1
DA:588,1
DA:589,1
DA:590,1
DA:591,1
DA:592,1
DA:593,1
DA:594,1
DA:595,1
DA:598,0
DA:609,0
DA:610,0
DA:611,0
DA:612,0
DA:613,0
DA:614,0
DA:615,0
DA:616,0
DA:617,0
DA:618,0
DA:625,3
DA:626,3
DA:633,1
DA:634,2
DA:635,2
DA:637,4
DA:638,3
DA:640,2
DA:641,5
DA:651,1
DA:652,2
DA:659,1
DA:660,2
DA:667,1
DA:668,3
DA:675,1
DA:676,2
DA:677,2
LF:253
LH:147
end_of_record
SF:lib/screens/home_screen.dart
DA:41,1
DA:48,1
DA:49,1
DA:65,1
DA:67,1
DA:68,2
DA:71,0
DA:72,0
DA:75,0
DA:76,0
DA:77,0
DA:80,0
DA:83,0
DA:84,0
DA:85,0
DA:90,0
DA:93,0
DA:96,0
DA:99,0
DA:100,0
DA:102,0
DA:103,0
DA:106,0
DA:107,0
DA:108,0
DA:109,0
DA:111,0
DA:115,0
DA:116,0
DA:121,0
DA:122,0
DA:123,0
DA:124,0
DA:129,0
DA:130,0
DA:132,0
DA:133,0
DA:134,0
DA:136,0
DA:138,0
DA:139,0
DA:142,0
DA:144,0
DA:149,0
DA:150,0
DA:151,0
DA:156,0
DA:157,0
DA:159,0
DA:160,0
DA:163,0
DA:164,0
DA:165,0
DA:169,0
DA:170,0
DA:175,0
DA:177,0
DA:180,0
DA:184,0
DA:187,0
DA:194,0
DA:195,0
DA:197,0
DA:198,0
DA:204,0
DA:206,0
DA:208,0
DA:210,0
DA:213,0
DA:214,0
DA:215,0
DA:221,0
DA:223,0
DA:224,0
DA:238,0
DA:239,0
DA:240,0
DA:250,0
DA:251,0
DA:254,0
DA:255,0
DA:257,0
DA:258,0
DA:260,0
DA:261,0
DA:262,0
DA:264,0
DA:266,0
DA:267,0
DA:269,0
DA:270,0
DA:271,0
DA:277,0
DA:279,0
DA:283,0
DA:284,0
DA:285,0
DA:286,0
DA:287,0
DA:291,0
DA:292,0
DA:293,0
DA:294,0
DA:298,0
DA:299,0
DA:300,0
DA:301,0
DA:313,0
DA:314,0
DA:315,0
DA:316,0
DA:322,0
DA:324,0
DA:328,0
DA:329,0
DA:337,0
DA:338,0
DA:345,0
DA:346,0
DA:348,0
DA:349,0
DA:353,0
DA:358,0
DA:360,0
DA:361,0
DA:362,0
DA:364,0
DA:366,0
DA:369,0
DA:370,0
DA:371,0
DA:379,0
DA:383,0
DA:386,0
DA:389,0
DA:390,0
DA:392,0
DA:394,0
DA:396,0
DA:399,0
DA:400,0
DA:401,0
DA:409,0
DA:410,0
DA:411,0
DA:419,0
DA:420,0
DA:421,0
DA:429,0
DA:431,0
DA:435,0
DA:436,0
DA:437,0
DA:438,0
DA:445,0
DA:446,0
DA:447,0
DA:448,0
DA:449,0
DA:451,0
DA:453,0
DA:456,0
DA:458,0
DA:459,0
DA:460,0
DA:463,0
DA:464,0
DA:468,0
DA:469,0
DA:472,0
DA:473,0
DA:476,0
DA:477,0
DA:480,0
DA:481,0
DA:484,0
DA:487,0
DA:488,0
DA:492,0
DA:493,0
DA:497,0
DA:498,0
DA:499,0
DA:500,0
DA:502,0
DA:503,0
DA:504,0
DA:507,0
DA:508,0
DA:512,0
DA:518,0
DA:519,0
DA:520,0
DA:522,0
DA:523,0
DA:524,0
DA:525,0
DA:530,0
DA:532,0
DA:535,0
DA:537,0
DA:538,0
DA:539,0
DA:542,0
DA:543,0
DA:546,0
DA:547,0
DA:549,0
DA:550,0
DA:558,0
DA:559,0
DA:560,0
DA:561,0
DA:562,0
DA:565,0
DA:567,0
DA:568,0
DA:576,0
DA:578,0
DA:579,0
DA:580,0
DA:581,0
DA:585,0
DA:586,0
DA:587,0
DA:588,0
DA:597,0
DA:601,0
DA:604,0
DA:607,0
DA:610,0
DA:612,0
DA:615,0
DA:617,0
DA:618,0
DA:619,0
DA:623,0
DA:624,0
DA:629,0
DA:630,0
DA:631,0
DA:632,0
DA:633,0
DA:636,0
DA:637,0
DA:638,0
DA:639,0
DA:640,0
DA:651,0
DA:652,0
DA:653,0
DA:654,0
DA:671,0
DA:674,0
DA:675,0
DA:677,0
DA:679,0
DA:680,0
DA:681,0
DA:682,0
DA:684,0
DA:686,0
DA:688,0
DA:689,0
DA:690,0
DA:691,0
DA:693,0
DA:695,0
DA:697,0
DA:698,0
DA:699,0
DA:705,0
DA:706,0
DA:717,0
DA:722,0
DA:725,0
DA:739,0
DA:740,0
DA:746,0
DA:748,0
DA:749,0
DA:751,0
DA:752,0
DA:753,0
DA:757,0
DA:758,0
DA:759,0
DA:760,0
DA:761,0
DA:774,0
DA:776,0
DA:777,0
DA:779,0
DA:781,0
DA:783,0
DA:785,0
DA:794,0
DA:795,0
DA:797,0
DA:799,0
DA:800,0
DA:801,0
DA:802,0
DA:806,0
DA:807,0
DA:817,0
DA:819,0
DA:821,0
DA:822,0
DA:827,0
DA:832,0
DA:837,0
DA:842,0
DA:845,0
DA:847,0
DA:850,0
DA:859,0
DA:871,0
DA:880,0
DA:881,0
DA:882,0
DA:883,0
DA:891,0
DA:892,0
DA:893,0
DA:895,0
DA:900,0
DA:901,0
DA:902,0
DA:903,0
DA:909,0
DA:912,0
DA:913,0
DA:914,0
DA:915,0
DA:917,0
DA:919,0
DA:920,0
DA:926,0
DA:928,0
DA:940,0
DA:941,0
DA:942,0
DA:944,0
DA:945,0
DA:946,0
DA:947,0
DA:951,0
DA:952,0
DA:953,0
DA:954,0
DA:958,0
DA:960,0
DA:961,0
DA:963,0
DA:965,0
DA:967,0
DA:968,0
DA:969,0
DA:972,0
DA:973,0
DA:974,0
DA:976,0
DA:981,0
DA:984,0
DA:989,0
DA:990,0
DA:992,0
DA:994,0
DA:996,0
DA:997,0
DA:998,0
DA:1003,0
DA:1004,0
DA:1019,0
DA:1021,0
DA:1023,0
DA:1025,0
DA:1026,0
DA:1038,0
DA:1040,0
DA:1042,0
DA:1043,0
DA:1048,0
DA:1050,0
DA:1051,0
DA:1052,0
DA:1055,0
DA:1056,0
DA:1057,0
DA:1060,0
DA:1061,0
DA:1067,0
DA:1069,0
DA:1076,0
DA:1077,0
DA:1097,0
DA:1098,0
DA:1099,0
DA:1107,0
DA:1109,0
DA:1120,0
DA:1121,0
DA:1122,0
DA:1124,0
DA:1125,0
DA:1126,0
DA:1127,0
DA:1137,0
DA:1138,0
DA:1140,0
DA:1148,0
DA:1149,0
DA:1150,0
DA:1151,0
DA:1152,0
DA:1153,0
DA:1158,0
DA:1159,0
DA:1166,0
DA:1167,0
DA:1168,0
DA:1169,0
DA:1170,0
DA:1171,0
DA:1172,0
DA:1180,0
DA:1183,0
DA:1184,0
DA:1185,0
DA:1186,0
DA:1187,0
DA:1188,0
DA:1189,0
DA:1198,0
DA:1201,0
DA:1202,0
DA:1203,0
DA:1204,0
DA:1206,0
DA:1207,0
DA:1209,0
DA:1211,0
DA:1212,0
DA:1213,0
DA:1215,0
DA:1217,0
DA:1218,0
DA:1219,0
DA:1221,0
DA:1222,0
DA:1224,0
DA:1225,0
DA:1227,0
DA:1228,0
DA:1256,0
DA:1258,0
DA:1259,0
DA:1261,0
DA:1263,0
DA:1265,0
DA:1266,0
DA:1267,0
DA:1275,0
DA:1276,0
DA:1281,0
DA:1284,0
DA:1286,0
DA:1287,0
DA:1288,0
DA:1290,0
DA:1295,0
DA:1315,0
DA:1317,0
DA:1319,0
DA:1326,0
DA:1328,0
DA:1330,0
DA:1337,0
DA:1403,0
DA:1408,0
DA:1413,0
DA:1414,0
DA:1416,0
DA:1424,0
DA:1425,0
DA:1426,0
DA:1428,0
DA:1429,0
DA:1433,0
DA:1434,0
DA:1441,0
DA:1442,0
DA:1449,0
DA:1452,0
DA:1453,0
DA:1454,0
DA:1456,0
DA:1457,0
DA:1458,0
DA:1459,0
DA:1461,0
DA:1464,0
DA:1465,0
DA:1467,0
DA:1468,0
DA:1469,0
DA:1470,0
DA:1472,0
DA:1473,0
DA:1476,0
DA:1479,0
DA:1480,0
DA:1482,0
DA:1483,0
DA:1484,0
DA:1486,0
DA:1489,0
DA:1493,0
DA:1497,0
DA:1498,0
DA:1501,0
DA:1502,0
DA:1503,0
DA:1513,0
DA:1515,0
DA:1517,0
DA:1518,0
DA:1519,0
DA:1521,0
DA:1524,0
DA:1526,0
DA:1531,0
DA:1532,0
DA:1533,0
DA:1534,0
DA:1535,0
DA:1538,0
DA:1540,0
DA:1541,0
DA:1554,0
DA:1555,0
DA:1556,0
DA:1557,0
DA:1563,0
DA:1564,0
DA:1565,0
DA:1567,0
DA:1568,0
DA:1569,0
DA:1570,0
DA:1573,0
DA:1575,0
DA:1576,0
DA:1577,0
DA:1578,0
DA:1579,0
DA:1594,0
DA:1595,0
DA:1608,0
DA:1622,0
DA:1661,0
DA:1663,0
DA:1665,0
DA:1667,0
DA:1669,0
DA:1671,0
DA:1673,0
DA:1680,0
DA:1681,0
DA:1682,0
DA:1683,0
DA:1684,0
DA:1686,0
DA:1688,0
DA:1691,0
DA:1696,0
DA:1699,0
DA:1700,0
DA:1703,0
DA:1704,0
DA:1713,0
DA:1714,0
DA:1715,0
DA:1716,0
DA:1723,0
DA:1724,0
DA:1725,0
DA:1731,0
DA:1734,0
DA:1737,0
DA:1739,0
DA:1743,0
DA:1745,0
DA:1753,0
DA:1754,0
DA:1755,0
DA:1763,0
DA:1764,0
DA:1769,0
DA:1770,0
DA:1771,0
DA:1772,0
DA:1774,0
DA:1776,0
DA:1783,0
DA:1784,0
DA:1785,0
DA:1793,0
DA:1798,0
DA:1801,0
DA:1802,0
DA:1803,0
DA:1805,0
DA:1806,0
DA:1810,0
DA:1811,0
DA:1814,0
DA:1815,0
DA:1816,0
DA:1824,0
DA:1828,0
DA:1829,0
DA:1834,0
DA:1835,0
DA:1836,0
DA:1837,0
DA:1841,0
DA:1842,0
DA:1843,0
DA:1845,0
DA:1848,0
DA:1854,0
DA:1855,0
DA:1871,0
DA:1872,0
DA:1873,0
DA:1885,0
DA:1887,0
DA:1890,0
DA:1891,0
DA:1892,0
DA:1895,0
DA:1896,0
DA:1899,0
DA:1900,0
DA:1907,0
DA:1910,0
DA:1911,0
DA:1913,0
DA:1922,0
DA:1924,0
DA:1925,0
DA:1926,0
DA:1928,0
DA:1929,0
DA:1930,0
DA:1932,0
DA:1934,0
DA:1936,0
DA:1937,0
DA:1938,0
DA:1939,0
DA:1940,0
DA:1941,0
DA:1945,0
DA:1946,0
DA:1948,0
DA:1957,0
DA:1958,0
DA:1970,0
DA:1971,0
DA:1975,0
DA:1980,0
DA:1981,0
DA:1982,0
DA:1983,0
DA:1985,0
DA:1987,0
DA:1994,0
DA:1995,0
DA:2005,0
DA:2006,0
DA:2007,0
DA:2009,0
DA:2010,0
DA:2024,0
DA:2026,0
DA:2028,0
DA:2029,0
DA:2030,0
DA:2031,0
DA:2035,0
DA:2036,0
LF:694
LH:6
end_of_record
SF:lib/utils/web_handler.dart
DA:7,0
DA:9,0
DA:10,0
DA:12,0
DA:18,0
DA:19,0
DA:23,0
DA:25,0
DA:27,0
DA:28,0
DA:29,0
DA:30,0
DA:34,0
DA:35,0
DA:39,0
DA:41,0
DA:42,0
DA:44,0
LF:18
LH:0
end_of_record
SF:lib/utils/safe_collection_utils.dart
DA:7,0
DA:8,0
DA:9,0
DA:13,0
DA:14,0
DA:15,0
DA:19,0
DA:20,0
DA:21,0
DA:25,0
DA:27,0
DA:34,0
DA:36,0
DA:43,0
DA:45,0
DA:52,0
DA:54,0
DA:56,0
DA:61,0
DA:62,0
DA:66,0
DA:67,0
DA:71,0
DA:73,0
DA:75,0
DA:80,0
DA:81,0
DA:83,0
DA:90,0
DA:92,0
DA:101,0
DA:102,0
DA:103,0
DA:104,0
DA:105,0
DA:106,0
DA:107,0
DA:108,0
DA:111,0
DA:112,0
DA:113,0
DA:116,0
DA:117,0
DA:118,0
DA:119,0
DA:123,0
DA:124,0
DA:125,0
DA:126,0
DA:127,0
DA:131,0
DA:132,0
DA:133,0
DA:137,0
DA:138,0
DA:139,0
DA:140,0
DA:145,0
DA:146,0
DA:147,0
DA:148,0
LF:61
LH:0
end_of_record
SF:lib/widgets/gamification_widgets.dart
DA:8,0
DA:16,0
DA:18,0
DA:19,0
DA:20,0
DA:21,0
DA:23,0
DA:24,0
DA:25,0
DA:26,0
DA:27,0
DA:30,0
DA:31,0
DA:32,0
DA:34,0
DA:38,0
DA:39,0
DA:41,0
DA:49,0
DA:50,0
DA:51,0
DA:52,0
DA:60,0
DA:61,0
DA:62,0
DA:67,0
DA:70,0
DA:71,0
DA:72,0
DA:75,0
DA:76,0
DA:83,0
DA:84,0
DA:101,0
DA:102,0
DA:104,0
DA:106,0
DA:108,0
DA:110,0
DA:121,0
DA:129,0
DA:131,0
DA:132,0
DA:134,0
DA:136,0
DA:137,0
DA:139,0
DA:140,0
DA:141,0
DA:143,0
DA:145,0
DA:147,0
DA:149,0
DA:150,0
DA:151,0
DA:152,0
DA:153,0
DA:154,0
DA:158,0
DA:159,0
DA:160,0
DA:173,0
DA:174,0
DA:180,0
DA:181,0
DA:199,0
DA:207,0
DA:209,0
DA:210,0
DA:211,0
DA:212,0
DA:214,0
DA:215,0
DA:216,0
DA:217,0
DA:218,0
DA:221,0
DA:223,0
DA:224,0
DA:230,0
DA:231,0
DA:240,0
DA:242,0
DA:243,0
DA:244,0
DA:251,0
DA:252,0
DA:261,0
DA:263,0
DA:265,0
DA:266,0
DA:267,0
DA:269,0
DA:287,0
DA:295,0
DA:298,0
DA:299,0
DA:301,0
DA:303,0
DA:305,0
DA:306,0
DA:308,0
DA:316,0
DA:317,0
DA:318,0
DA:324,0
DA:325,0
DA:328,0
DA:329,0
DA:330,0
DA:333,0
DA:334,0
DA:335,0
DA:338,0
DA:341,0
DA:343,0
DA:344,0
DA:351,0
DA:359,0
DA:360,0
DA:361,0
DA:362,0
DA:369,0
DA:370,0
DA:371,0
DA:372,0
DA:373,0
DA:374,0
DA:376,0
DA:377,0
DA:381,0
DA:382,0
DA:383,0
DA:396,0
DA:404,0
DA:406,0
DA:408,0
DA:409,0
DA:412,0
DA:414,0
DA:416,0
DA:417,0
DA:418,0
DA:420,0
DA:422,0
DA:423,0
DA:426,0
DA:427,0
DA:428,0
DA:434,0
DA:435,0
DA:437,0
DA:445,0
DA:446,0
DA:456,0
DA:458,0
DA:467,0
DA:468,0
LF:158
LH:0
end_of_record
SF:lib/utils/ui_consistency_utils.dart
DA:10,1
DA:11,1
DA:12,1
DA:13,3
DA:15,1
DA:17,1
DA:27,1
DA:28,1
DA:30,1
DA:31,1
DA:32,1
DA:33,1
DA:34,1
DA:37,1
DA:38,1
DA:43,1
DA:44,1
DA:45,1
DA:51,1
DA:52,1
DA:53,1
DA:54,1
DA:56,0
DA:57,0
DA:66,1
DA:67,1
DA:68,1
DA:69,3
DA:71,1
DA:81,1
DA:82,1
DA:84,1
DA:85,1
DA:86,1
DA:87,1
DA:88,1
DA:91,1
DA:92,0
DA:97,1
DA:98,1
DA:99,1
DA:105,1
DA:106,1
DA:107,1
DA:108,1
DA:110,0
DA:111,0
DA:120,1
DA:121,1
DA:122,1
DA:123,3
DA:125,1
DA:135,1
DA:136,1
DA:138,1
DA:139,1
DA:140,1
DA:141,1
DA:142,1
DA:145,1
DA:146,0
DA:151,1
DA:152,1
DA:153,1
DA:154,1
DA:156,0
DA:157,0
DA:166,1
DA:169,1
DA:170,1
DA:171,3
DA:173,1
DA:175,1
DA:185,1
DA:186,1
DA:188,1
DA:189,1
DA:190,1
DA:191,1
DA:192,1
DA:195,1
DA:196,0
DA:201,1
DA:202,1
DA:203,1
DA:209,1
DA:210,0
DA:211,0
DA:212,0
DA:214,0
DA:215,0
DA:224,1
DA:227,1
DA:228,1
DA:229,3
DA:231,1
DA:233,1
DA:243,1
DA:244,1
DA:246,1
DA:247,1
DA:248,1
DA:249,1
DA:250,1
DA:253,1
DA:254,0
DA:259,1
DA:260,1
DA:261,1
DA:267,1
DA:268,0
DA:269,0
DA:270,0
DA:272,0
DA:273,0
DA:284,0
DA:291,0
DA:292,0
DA:293,0
DA:295,0
DA:305,0
DA:308,0
DA:309,0
DA:310,0
DA:313,0
DA:318,0
DA:324,0
DA:330,0
DA:331,0
DA:332,0
DA:334,0
DA:335,0
DA:338,0
DA:339,0
DA:340,0
DA:343,0
DA:348,0
DA:354,0
DA:359,0
DA:360,0
DA:361,0
DA:363,0
DA:364,0
DA:365,0
DA:374,0
DA:375,0
DA:376,0
DA:378,0
DA:380,0
DA:381,0
DA:382,0
DA:383,0
DA:392,0
DA:397,0
DA:398,0
DA:399,0
DA:400,0
DA:401,0
DA:403,0
DA:405,0
DA:406,0
DA:420,1
DA:421,1
DA:422,1
DA:425,3
DA:426,3
DA:427,1
DA:432,1
DA:433,1
DA:434,1
DA:437,3
DA:438,3
DA:439,1
DA:444,1
DA:445,1
DA:446,1
DA:449,3
DA:450,3
DA:457,1
DA:458,1
DA:459,1
DA:462,3
DA:463,3
DA:468,1
DA:469,1
DA:470,1
DA:473,3
DA:474,3
DA:479,1
DA:480,1
DA:481,1
DA:484,3
DA:485,3
DA:499,0
DA:500,0
DA:503,0
DA:504,0
DA:507,0
DA:508,0
DA:530,0
DA:538,0
DA:539,0
DA:541,0
DA:542,0
DA:545,0
DA:548,0
DA:549,0
DA:550,0
DA:559,0
DA:560,0
DA:564,0
DA:565,0
DA:581,0
DA:582,0
DA:594,0
DA:598,0
DA:601,0
DA:606,0
DA:613,0
LF:219
LH:127
end_of_record
SF:lib/widgets/settings/setting_tile.dart
DA:7,2
DA:28,1
DA:30,1
DA:31,3
DA:32,1
DA:33,3
DA:35,1
DA:36,1
DA:37,1
DA:39,1
DA:40,1
DA:41,1
DA:42,1
DA:43,1
DA:45,1
DA:46,2
DA:47,1
DA:48,1
DA:49,1
DA:50,1
DA:52,1
DA:53,1
DA:54,1
DA:56,1
DA:57,1
DA:61,1
DA:62,1
DA:63,3
DA:68,1
DA:69,1
DA:70,1
DA:71,3
DA:72,1
DA:73,2
DA:74,0
DA:78,1
DA:90,1
DA:109,1
DA:111,1
DA:112,3
DA:114,1
DA:116,1
DA:117,1
DA:119,1
DA:120,1
DA:121,1
DA:123,1
DA:124,1
DA:128,1
DA:129,1
DA:130,3
DA:132,3
DA:135,1
DA:136,1
DA:137,1
DA:138,3
DA:139,1
DA:140,2
DA:141,0
DA:145,1
DA:146,2
LF:61
LH:59
end_of_record
SF:lib/widgets/settings/settings_theme.dart
DA:12,1
DA:13,4
DA:15,3
DA:19,1
DA:20,4
DA:25,1
DA:26,4
DA:27,3
DA:31,0
DA:38,0
DA:58,0
DA:59,0
DA:60,0
DA:61,0
DA:62,0
DA:67,0
DA:68,0
DA:69,0
DA:70,0
DA:77,0
DA:78,0
DA:79,0
DA:80,0
DA:87,0
DA:88,0
DA:89,0
DA:90,0
DA:99,1
DA:108,1
DA:110,1
DA:111,1
DA:112,1
DA:113,1
DA:114,1
DA:122,1
DA:126,1
DA:128,2
LF:37
LH:18
end_of_record
SF:lib/widgets/settings/premium_section.dart
DA:8,1
DA:10,1
DA:12,1
DA:14,1
DA:17,1
DA:23,0
DA:29,0
DA:30,0
DA:32,0
DA:33,0
LF:10
LH:5
end_of_record
SF:lib/widgets/settings/app_settings_section.dart
DA:13,1
DA:15,1
DA:17,1
DA:19,1
DA:22,1
DA:28,0
DA:31,1
DA:37,0
DA:40,1
DA:46,0
DA:49,1
DA:55,0
DA:58,1
DA:59,0
DA:60,0
DA:65,0
DA:66,0
DA:74,0
DA:75,0
DA:77,0
DA:78,0
DA:83,0
DA:84,0
DA:86,0
DA:87,0
DA:92,0
DA:93,0
DA:95,0
DA:96,0
DA:101,0
DA:102,0
DA:104,0
DA:105,0
LF:33
LH:9
end_of_record
SF:lib/widgets/settings/legal_support_section.dart
DA:10,1
DA:12,1
DA:14,1
DA:15,0
DA:17,0
DA:18,0
DA:20,0
DA:23,0
DA:24,0
DA:25,0
DA:27,0
DA:32,0
DA:35,0
DA:36,0
DA:37,0
DA:39,0
DA:44,0
DA:47,0
DA:48,0
DA:49,0
DA:52,0
DA:55,0
DA:56,0
DA:57,0
DA:63,0
DA:68,0
DA:70,0
DA:71,0
DA:79,0
DA:80,0
DA:82,0
DA:83,0
DA:84,0
DA:86,0
DA:89,0
DA:90,0
DA:91,0
DA:92,0
DA:98,0
DA:100,0
DA:101,0
DA:102,0
DA:103,0
DA:104,0
DA:108,0
DA:110,0
DA:111,0
DA:112,0
DA:113,0
DA:114,0
DA:118,0
DA:120,0
DA:121,0
DA:122,0
DA:123,0
DA:124,0
DA:136,0
DA:137,0
DA:140,0
DA:146,0
DA:154,0
DA:156,0
DA:162,0
DA:164,0
DA:170,0
DA:172,0
LF:66
LH:3
end_of_record
SF:lib/widgets/share_button.dart
DA:7,1
DA:42,1
DA:44,1
DA:45,1
DA:46,4
DA:47,1
DA:48,1
DA:51,1
DA:52,1
DA:53,1
DA:54,1
DA:58,0
DA:62,1
DA:63,3
DA:67,1
DA:68,1
DA:69,1
DA:70,1
DA:81,1
DA:112,1
DA:114,1
DA:115,1
DA:116,1
DA:117,1
DA:119,1
DA:120,1
DA:123,1
DA:124,1
DA:125,1
DA:126,1
DA:130,0
DA:134,1
DA:135,3
DA:139,1
DA:140,1
DA:141,1
DA:142,1
LF:37
LH:35
end_of_record
